2026-06-17T05:31:55.5527764Z State: Starting, Action: EstablishingSiteNetworks, LastError: , LastErrorTimestamp: 01/01/0001 00:00:00, LastErrorDetails: , Details: , DetailsLevel: INFO
2026-06-17T05:31:59.8426178Z State: Starting, Action: StartingSiteContainers, LastError: , LastErrorTimestamp: 01/01/0001 00:00:00, LastErrorDetails: , Details: , DetailsLevel: INFO
2026-06-17T05:31:59.8433919Z Container start method called.
2026-06-17T05:31:59.8534334Z State: Starting, Action: PullingImage, LastError: , LastErrorTimestamp: 01/01/0001 00:00:00, LastErrorDetails: , Details: Pulling image projectmanagementtechnrucsinternal.azurecr.io/clientpsm:latest for pmtrucs-internal-new., DetailsLevel: INFO
2026-06-17T05:31:59.8544168Z Establishing network.
2026-06-17T05:31:59.8546732Z Pulling image: projectmanagementtechnrucsinternal.azurecr.io/clientpsm:latest.
2026-06-17T05:32:46.8914993Z Image projectmanagementtechnrucsinternal.azurecr.io/clientpsm:latest is pulled from registry projectmanagementtechnrucsinternal.azurecr.io
2026-06-17T05:32:46.8919470Z Container is starting.
2026-06-17T05:32:46.9084570Z State: Starting, Action: MountingVolumes, LastError: , LastErrorTimestamp: 01/01/0001 00:00:00, LastErrorDetails: , Details: Mounting volumes for pmtrucs-internal-new., DetailsLevel: INFO
2026-06-17T05:32:46.9092686Z Establishing user namespace if not established already.
2026-06-17T05:32:46.9188282Z Establishing network if not established already.
2026-06-17T05:32:46.9191221Z Mounting volumes.
2026-06-17T05:32:46.9272620Z Nested mountpoint 
2026-06-17T05:32:47.0322960Z Nested mountpoint volatile/logs
2026-06-17T05:32:47.0606732Z Nested mountpoint 
2026-06-17T05:32:47.2506779Z Nested mountpoint 
2026-06-17T05:32:47.4694163Z State: Starting, Action: CreatingContainer, LastError: , LastErrorTimestamp: 01/01/0001 00:00:00, LastErrorDetails: , Details: Finished pulling container image and mounting volumes for pmtrucs-internal-new. Allocatinng the rest of the container resources to finish container creation., DetailsLevel: INFO
2026-06-17T05:32:47.4696928Z Creating container.
2026-06-17T05:32:47.4699134Z Creating pipes for streaming container io.
2026-06-17T05:32:47.4709468Z Creating stdout named pipe at /podr/container/pipe/3fe8e55dace6_pmtrucs-internal-new/stdout_7b564f964c5c49c391390e647d5f9c9f.
2026-06-17T05:32:47.4992573Z Successfully created stdout named pipe at: /podr/container/pipe/3fe8e55dace6_pmtrucs-internal-new/stdout_7b564f964c5c49c391390e647d5f9c9f.
2026-06-17T05:32:47.5014685Z Opening named pipe /podr/container/pipe/3fe8e55dace6_pmtrucs-internal-new/stdout_7b564f964c5c49c391390e647d5f9c9f for reading in non-blocking mode.
2026-06-17T05:32:47.5016748Z Successfully opened named pipe: /podr/container/pipe/3fe8e55dace6_pmtrucs-internal-new/stdout_7b564f964c5c49c391390e647d5f9c9f.
2026-06-17T05:32:47.5017759Z Successfully removed non-blocking flag from /podr/container/pipe/3fe8e55dace6_pmtrucs-internal-new/stdout_7b564f964c5c49c391390e647d5f9c9f.
2026-06-17T05:32:47.5019064Z Creating stderr named pipe at /podr/container/pipe/3fe8e55dace6_pmtrucs-internal-new/stderr_943bcdaafd814c3faa8bd65bbb448f8a.
2026-06-17T05:32:47.5020354Z Successfully created stderr named pipe at: /podr/container/pipe/3fe8e55dace6_pmtrucs-internal-new/stderr_943bcdaafd814c3faa8bd65bbb448f8a.
2026-06-17T05:32:47.5021117Z Opening named pipe /podr/container/pipe/3fe8e55dace6_pmtrucs-internal-new/stderr_943bcdaafd814c3faa8bd65bbb448f8a for reading in non-blocking mode.
2026-06-17T05:32:47.5022028Z Successfully opened named pipe: /podr/container/pipe/3fe8e55dace6_pmtrucs-internal-new/stderr_943bcdaafd814c3faa8bd65bbb448f8a.
2026-06-17T05:32:47.5022757Z Successfully removed non-blocking flag from /podr/container/pipe/3fe8e55dace6_pmtrucs-internal-new/stderr_943bcdaafd814c3faa8bd65bbb448f8a.
2026-06-17T05:32:47.5023773Z Overriding PORT environment variable with port exposed by container image.
2026-06-17T05:32:48.4894787Z Container image exposes ports: ContainerExposedPort { Port = 8000, Protocol = TCP }. Sanitized list of ports is: 8000. Resolved main port to 8000.
2026-06-17T05:32:48.4977378Z Setting value of PORT variable to 8000
2026-06-17T05:32:48.4996570Z Creating container with image: projectmanagementtechnrucsinternal.azurecr.io/clientpsm:latest from registry: projectmanagementtechnrucsinternal.azurecr.io and fully qualified image name: projectmanagementtechnrucsinternal.azurecr.io/clientpsm:latest
2026-06-17T05:32:50.1925606Z Starting container: 3fe8e55dace6_pmtrucs-internal-new.
2026-06-17T05:32:50.3105180Z Starting watchers and probes.
2026-06-17T05:32:50.3211896Z Starting metrics collection.
2026-06-17T05:32:50.3218713Z Container is running.
2026-06-17T05:32:50.3221969Z State: Starting, Action: CreatingContainer, LastError: , LastErrorTimestamp: 01/01/0001 00:00:00, LastErrorDetails: , Details: Container pmtrucs-internal-new successfully created and is running., DetailsLevel: INFO
2026-06-17T05:32:50.5643612Z Container start method finished after 50720 ms.
2026-06-17T05:32:50.8456767Z State: Starting, Action: InitiatingSiteWarmUpProbe, LastError: , LastErrorTimestamp: 01/01/0001 00:00:00, LastErrorDetails: , Details: Container pmtrucs-internal-new successfully created and is running., DetailsLevel: INFO
2026-06-17T05:32:50.8465449Z State: Starting, Action: WaitingForSiteWarmUpProbeSuccess, LastError: , LastErrorTimestamp: 01/01/0001 00:00:00, LastErrorDetails: , Details: Pinging warmup path to ensure container is ready to receive requests., DetailsLevel: INFO
2026-06-17T05:33:21.0417549Z Container has finished running with exit code: 1.
2026-06-17T05:33:21.0425335Z Container is terminating. Grace period: 5 seconds.
2026-06-17T05:33:21.0550068Z Stop and delete container. Retry count = 0
2026-06-17T05:33:21.0641857Z Stopping container: 3fe8e55dace6_pmtrucs-internal-new.
2026-06-17T05:33:21.2618049Z Deleting container: 3fe8e55dace6_pmtrucs-internal-new. Retry count = 0
2026-06-17T05:33:21.6458678Z Container spec TerminationMessagePolicy  path 
2026-06-17T05:33:21.6518041Z Container is terminated. Total time elapsed: 603 ms.
2026-06-17T05:33:21.6521096Z Site container: pmtrucs-internal-new terminated during site startup.
2026-06-17T05:33:21.6636080Z State: Stopping, Action: CancellingStartup, LastError: , LastErrorTimestamp: 01/01/0001 00:00:00, LastErrorDetails: , Details: Site container: pmtrucs-internal-new terminated during site startup. Cancelling site startup., DetailsLevel: ERR
2026-06-17T05:33:22.3139694Z Site startup probe failed after 31.4084275 seconds.
2026-06-17T05:33:22.6451252Z State: Stopping, Action: CancellingStartup, LastError: ContainerTimeout, LastErrorTimestamp: 06/17/2026 05:33:22, LastErrorDetails: Container did not start within expected time limit of 230s. Please inspect your container logs for more details., Details: Site container: pmtrucs-internal-new terminated during site startup. Cancelling site startup., DetailsLevel: ERR
2026-06-17T05:33:22.7046938Z Failed to start site. Revert by stopping site.
2026-06-17T05:33:22.7154840Z State: Stopping, Action: StoppingSite, LastError: ContainerTimeout, LastErrorTimestamp: 06/17/2026 05:33:22, LastErrorDetails: Container did not start within expected time limit of 230s. Please inspect your container logs for more details., Details: Site container: pmtrucs-internal-new terminated during site startup. Cancelling site startup., DetailsLevel: ERR
2026-06-17T05:33:22.7261817Z State: Stopping, Action: StoppingSiteContainers, LastError: ContainerTimeout, LastErrorTimestamp: 06/17/2026 05:33:22, LastErrorDetails: Container did not start within expected time limit of 230s. Please inspect your container logs for more details., Details: Site container: pmtrucs-internal-new terminated during site startup. Cancelling site startup., DetailsLevel: ERR
2026-06-17T05:33:22.7262060Z Site: pmtrucs-internal-new stopped.
2026-06-17T05:33:44.0822880Z State: Stopping, Action: StoppingSite, LastError: SiteStartupCancelled, LastErrorTimestamp: 06/16/2026 13:48:21, LastErrorDetails: , Details: Site started at 06/16/2026 17:00:44 (UTC), DetailsLevel: INFO
2026-06-17T05:33:44.0904675Z State: Stopping, Action: StoppingSiteContainers, LastError: SiteStartupCancelled, LastErrorTimestamp: 06/16/2026 13:48:21, LastErrorDetails: , Details: Site started at 06/16/2026 17:00:44 (UTC), DetailsLevel: INFO
2026-06-17T05:33:44.0908883Z Container is terminating. Grace period: 5 seconds.
2026-06-17T05:33:44.1052301Z Stop and delete container. Retry count = 0
2026-06-17T05:33:44.1057518Z Stopping container: 099b798499ec_pmtrucs-internal-new.
2026-06-17T05:33:46.1789681Z Deleting container: 099b798499ec_pmtrucs-internal-new. Retry count = 0
2026-06-17T05:33:46.4524620Z Container spec TerminationMessagePolicy  path 
2026-06-17T05:33:46.4589783Z Container is terminated. Total time elapsed: 2361 ms.
2026-06-17T05:33:46.4596310Z Site: pmtrucs-internal-new stopped.
2026-06-17T05:33:22.7737118Z State: Stopping, Action: UnmountingVolumes, LastError: ContainerTimeout, LastErrorTimestamp: 06/17/2026 05:33:22, LastErrorDetails: Container did not start within expected time limit of 230s. Please inspect your container logs for more details., Details: Site container: pmtrucs-internal-new terminated during site startup. Cancelling site startup., DetailsLevel: ERR
2026-06-17T05:33:23.0767625Z State: Stopping, Action: StoppingSiteNetworks, LastError: ContainerTimeout, LastErrorTimestamp: 06/17/2026 05:33:22, LastErrorDetails: Container did not start within expected time limit of 230s. Please inspect your container logs for more details., Details: Site container: pmtrucs-internal-new terminated during site startup. Cancelling site startup., DetailsLevel: ERR
2026-06-17T05:33:23.4497255Z State: Stopped, Action: None, LastError: ContainerTimeout, LastErrorTimestamp: 06/17/2026 05:33:22, LastErrorDetails: Container did not start within expected time limit of 230s. Please inspect your container logs for more details., Details: Site stopped at 06/17/2026 05:33:23 (UTC), DetailsLevel: ERR
2026-06-17T05:33:23.7659933Z State: Stopped, Action: None, LastError: ContainerTimeout, LastErrorTimestamp: 06/17/2026 05:33:22, LastErrorDetails: Container did not start within expected time limit of 230s. Please inspect your container logs for more details., Details: Site stopped at 06/17/2026 05:33:23 (UTC), DetailsLevel: ERR
2026-06-17T05:34:09.5412028Z State: Starting, Action: EstablishingSiteNetworks, LastError: ContainerTimeout, LastErrorTimestamp: 06/17/2026 05:33:22, LastErrorDetails: Container did not start within expected time limit of 230s. Please inspect your container logs for more details., Details: Site stopped at 06/17/2026 05:33:23 (UTC), DetailsLevel: ERR
2026-06-17T05:34:11.2588852Z State: Starting, Action: StartingSiteContainers, LastError: ContainerTimeout, LastErrorTimestamp: 06/17/2026 05:33:22, LastErrorDetails: Container did not start within expected time limit of 230s. Please inspect your container logs for more details., Details: Site stopped at 06/17/2026 05:33:23 (UTC), DetailsLevel: ERR
2026-06-17T05:34:11.2590960Z Container start method called.
2026-06-17T05:34:11.2591776Z State: Starting, Action: PullingImage, LastError: ContainerTimeout, LastErrorTimestamp: 06/17/2026 05:33:22, LastErrorDetails: Container did not start within expected time limit of 230s. Please inspect your container logs for more details., Details: Pulling image projectmanagementtechnrucsinternal.azurecr.io/clientpsm:latest for pmtrucs-internal-new., DetailsLevel: INFO
2026-06-17T05:34:11.2593060Z Establishing network.
2026-06-17T05:34:11.2594338Z Pulling image: projectmanagementtechnrucsinternal.azurecr.io/clientpsm:latest.
2026-06-17T05:34:12.5959072Z Container is starting.
2026-06-17T05:34:12.5969862Z State: Starting, Action: MountingVolumes, LastError: ContainerTimeout, LastErrorTimestamp: 06/17/2026 05:33:22, LastErrorDetails: Container did not start within expected time limit of 230s. Please inspect your container logs for more details., Details: Mounting volumes for pmtrucs-internal-new., DetailsLevel: INFO
2026-06-17T05:34:12.6045988Z Establishing user namespace if not established already.
2026-06-17T05:34:12.6051724Z Establishing network if not established already.
2026-06-17T05:34:12.6054708Z Mounting volumes.
2026-06-17T05:34:12.6060714Z Nested mountpoint 
2026-06-17T05:34:12.6757293Z Nested mountpoint volatile/logs
2026-06-17T05:34:12.7053318Z Nested mountpoint 
2026-06-17T05:34:12.7776264Z Nested mountpoint 
2026-06-17T05:34:13.0586034Z State: Starting, Action: CreatingContainer, LastError: ContainerTimeout, LastErrorTimestamp: 06/17/2026 05:33:22, LastErrorDetails: Container did not start within expected time limit of 230s. Please inspect your container logs for more details., Details: Finished pulling container image and mounting volumes for pmtrucs-internal-new. Allocatinng the rest of the container resources to finish container creation., DetailsLevel: INFO
2026-06-17T05:34:13.0599215Z Creating container.
2026-06-17T05:34:13.0776694Z Creating pipes for streaming container io.
2026-06-17T05:34:13.0782635Z Creating stdout named pipe at /podr/container/pipe/632f01237fed_pmtrucs-internal-new/stdout_f17650be9dd444568d1b8b5ce006b503.
2026-06-17T05:34:13.0901417Z Successfully created stdout named pipe at: /podr/container/pipe/632f01237fed_pmtrucs-internal-new/stdout_f17650be9dd444568d1b8b5ce006b503.
2026-06-17T05:34:13.0977243Z Opening named pipe /podr/container/pipe/632f01237fed_pmtrucs-internal-new/stdout_f17650be9dd444568d1b8b5ce006b503 for reading in non-blocking mode.
2026-06-17T05:34:13.0979077Z Successfully opened named pipe: /podr/container/pipe/632f01237fed_pmtrucs-internal-new/stdout_f17650be9dd444568d1b8b5ce006b503.
2026-06-17T05:34:13.0985038Z Successfully removed non-blocking flag from /podr/container/pipe/632f01237fed_pmtrucs-internal-new/stdout_f17650be9dd444568d1b8b5ce006b503.
2026-06-17T05:34:13.0987000Z Creating stderr named pipe at /podr/container/pipe/632f01237fed_pmtrucs-internal-new/stderr_c719ef2eef4341d89a5af5db7ab5e81e.
2026-06-17T05:34:13.0988667Z Successfully created stderr named pipe at: /podr/container/pipe/632f01237fed_pmtrucs-internal-new/stderr_c719ef2eef4341d89a5af5db7ab5e81e.
2026-06-17T05:34:13.0989462Z Opening named pipe /podr/container/pipe/632f01237fed_pmtrucs-internal-new/stderr_c719ef2eef4341d89a5af5db7ab5e81e for reading in non-blocking mode.
2026-06-17T05:34:13.0990354Z Successfully opened named pipe: /podr/container/pipe/632f01237fed_pmtrucs-internal-new/stderr_c719ef2eef4341d89a5af5db7ab5e81e.
2026-06-17T05:34:13.0991116Z Successfully removed non-blocking flag from /podr/container/pipe/632f01237fed_pmtrucs-internal-new/stderr_c719ef2eef4341d89a5af5db7ab5e81e.
2026-06-17T05:34:13.0992135Z Overriding PORT environment variable with port exposed by container image.
2026-06-17T05:34:13.2009253Z Container image exposes ports: ContainerExposedPort { Port = 8000, Protocol = TCP }. Sanitized list of ports is: 8000. Resolved main port to 8000.
2026-06-17T05:34:13.2088096Z Setting value of PORT variable to 8000
2026-06-17T05:34:13.2310129Z Creating container with image: projectmanagementtechnrucsinternal.azurecr.io/clientpsm:latest from registry: projectmanagementtechnrucsinternal.azurecr.io and fully qualified image name: projectmanagementtechnrucsinternal.azurecr.io/clientpsm:latest
2026-06-17T05:34:13.4219426Z Container get mounts received unexpected exception.
2026-06-17T05:34:13.4411123Z Container get processes received unexpected exception.
2026-06-17T05:34:14.0810527Z Starting container: 632f01237fed_pmtrucs-internal-new.
2026-06-17T05:34:14.1550282Z Starting watchers and probes.
2026-06-17T05:34:14.1566690Z Starting metrics collection.
2026-06-17T05:34:14.1642197Z Container is running.
2026-06-17T05:34:14.1645590Z State: Starting, Action: CreatingContainer, LastError: ContainerTimeout, LastErrorTimestamp: 06/17/2026 05:33:22, LastErrorDetails: Container did not start within expected time limit of 230s. Please inspect your container logs for more details., Details: Container pmtrucs-internal-new successfully created and is running., DetailsLevel: INFO
2026-06-17T05:34:14.2550547Z Container start method finished after 2995 ms.
2026-06-17T05:34:14.2578251Z State: Starting, Action: InitiatingSiteWarmUpProbe, LastError: ContainerTimeout, LastErrorTimestamp: 06/17/2026 05:33:22, LastErrorDetails: Container did not start within expected time limit of 230s. Please inspect your container logs for more details., Details: Container pmtrucs-internal-new successfully created and is running., DetailsLevel: INFO
2026-06-17T05:34:14.2578895Z State: Starting, Action: WaitingForSiteWarmUpProbeSuccess, LastError: ContainerTimeout, LastErrorTimestamp: 06/17/2026 05:33:22, LastErrorDetails: Container did not start within expected time limit of 230s. Please inspect your container logs for more details., Details: Pinging warmup path to ensure container is ready to receive requests., DetailsLevel: INFO
2026-06-17T05:34:32.7845027Z Container has finished running with exit code: 3.
2026-06-17T05:34:32.7858102Z Container is terminating. Grace period: 5 seconds.
2026-06-17T05:34:32.7861670Z Stop and delete container. Retry count = 0
2026-06-17T05:34:32.7862554Z Stopping container: 632f01237fed_pmtrucs-internal-new.
2026-06-17T05:34:32.8556250Z Deleting container: 632f01237fed_pmtrucs-internal-new. Retry count = 0
2026-06-17T05:34:33.0881231Z Container spec TerminationMessagePolicy  path 
2026-06-17T05:34:33.0983254Z Container is terminated. Total time elapsed: 302 ms.
2026-06-17T05:34:33.1066204Z Site container: pmtrucs-internal-new terminated during site startup.
2026-06-17T05:34:33.1069576Z State: Stopping, Action: CancellingStartup, LastError: ContainerTimeout, LastErrorTimestamp: 06/17/2026 05:33:22, LastErrorDetails: Container did not start within expected time limit of 230s. Please inspect your container logs for more details., Details: Site container: pmtrucs-internal-new terminated during site startup. Cancelling site startup., DetailsLevel: ERR
2026-06-17T05:34:33.2366659Z Site startup probe failed after 18.8891424 seconds.
2026-06-17T05:34:33.9502535Z State: Stopping, Action: CancellingStartup, LastError: ContainerTimeout, LastErrorTimestamp: 06/17/2026 05:34:33, LastErrorDetails: Container did not start within expected time limit of 230s. Please inspect your container logs for more details., Details: Site container: pmtrucs-internal-new terminated during site startup. Cancelling site startup., DetailsLevel: ERR
2026-06-17T05:34:34.0294798Z Failed to start site. Revert by stopping site.
2026-06-17T05:34:34.0303238Z State: Stopping, Action: StoppingSite, LastError: ContainerTimeout, LastErrorTimestamp: 06/17/2026 05:34:33, LastErrorDetails: Container did not start within expected time limit of 230s. Please inspect your container logs for more details., Details: Site container: pmtrucs-internal-new terminated during site startup. Cancelling site startup., DetailsLevel: ERR
2026-06-17T05:34:34.0589309Z State: Stopping, Action: StoppingSiteContainers, LastError: ContainerTimeout, LastErrorTimestamp: 06/17/2026 05:34:33, LastErrorDetails: Container did not start within expected time limit of 230s. Please inspect your container logs for more details., Details: Site container: pmtrucs-internal-new terminated during site startup. Cancelling site startup., DetailsLevel: ERR
2026-06-17T05:34:34.0777355Z Site: pmtrucs-internal-new stopped.
2026-06-17T05:34:34.0803022Z State: Stopping, Action: UnmountingVolumes, LastError: ContainerTimeout, LastErrorTimestamp: 06/17/2026 05:34:33, LastErrorDetails: Container did not start within expected time limit of 230s. Please inspect your container logs for more details., Details: Site container: pmtrucs-internal-new terminated during site startup. Cancelling site startup., DetailsLevel: ERR
2026-06-17T05:34:34.7112087Z State: Stopping, Action: StoppingSiteNetworks, LastError: ContainerTimeout, LastErrorTimestamp: 06/17/2026 05:34:33, LastErrorDetails: Container did not start within expected time limit of 230s. Please inspect your container logs for more details., Details: Site container: pmtrucs-internal-new terminated during site startup. Cancelling site startup., DetailsLevel: ERR
2026-06-17T05:34:34.9075225Z Site: pmtrucs-internal-new will be blocked for 1 minutes till 06/17/2026 05:35:34
2026-06-17T05:34:34.9085109Z State: Blocked, Action: StoppingSiteNetworks, LastError: ContainerTimeout, LastErrorTimestamp: 06/17/2026 05:34:33, LastErrorDetails: Container did not start within expected time limit of 230s. Please inspect your container logs for more details., Details: Site: pmtrucs-internal-new will be blocked for 1 minutes till 06/17/2026 05:35:34, DetailsLevel: WARN
2026-06-17T05:34:34.9711691Z State: Stopped, Action: None, LastError: ContainerTimeout, LastErrorTimestamp: 06/17/2026 05:34:33, LastErrorDetails: Container did not start within expected time limit of 230s. Please inspect your container logs for more details., Details: Site stopped at 06/17/2026 05:34:34 (UTC), DetailsLevel: WARN
2026-06-17T05:34:35.8175239Z State: Stopped, Action: None, LastError: ContainerTimeout, LastErrorTimestamp: 06/17/2026 05:34:33, LastErrorDetails: Container did not start within expected time limit of 230s. Please inspect your container logs for more details., Details: Site stopped at 06/17/2026 05:34:34 (UTC), DetailsLevel: WARN
2026-06-17T05:35:09.4667263Z State: Blocked, Action: None, LastError: ContainerTimeout, LastErrorTimestamp: 06/17/2026 05:34:33, LastErrorDetails: Container did not start within expected time limit of 230s. Please inspect your container logs for more details., Details: Site is blocked due to multiple, consecutive cold start failures. Site scheduled to be unblocked at 06/17/2026 05:35:34, DetailsLevel: WARN
2026-06-17T05:35:09.4669863Z Start site prohibitted because the site is being blocked.
2026-06-17T05:35:34.9034316Z Site: pmtrucs-internal-new is unblocked.
2026-06-17T05:36:09.3998738Z State: Starting, Action: EstablishingSiteNetworks, LastError: ContainerTimeout, LastErrorTimestamp: 06/17/2026 05:34:33, LastErrorDetails: Container did not start within expected time limit of 230s. Please inspect your container logs for more details., Details: Site is blocked due to multiple, consecutive cold start failures. Site scheduled to be unblocked at 06/17/2026 05:35:34, DetailsLevel: WARN
2026-06-17T05:36:10.6943252Z State: Starting, Action: StartingSiteContainers, LastError: ContainerTimeout, LastErrorTimestamp: 06/17/2026 05:34:33, LastErrorDetails: Container did not start within expected time limit of 230s. Please inspect your container logs for more details., Details: Site is blocked due to multiple, consecutive cold start failures. Site scheduled to be unblocked at 06/17/2026 05:35:34, DetailsLevel: WARN
2026-06-17T05:36:10.6944261Z Container start method called.
2026-06-17T05:36:10.6944620Z State: Starting, Action: PullingImage, LastError: ContainerTimeout, LastErrorTimestamp: 06/17/2026 05:34:33, LastErrorDetails: Container did not start within expected time limit of 230s. Please inspect your container logs for more details., Details: Pulling image projectmanagementtechnrucsinternal.azurecr.io/clientpsm:latest for pmtrucs-internal-new., DetailsLevel: INFO
2026-06-17T05:36:10.6953857Z Establishing network.
2026-06-17T05:36:10.6955629Z Pulling image: projectmanagementtechnrucsinternal.azurecr.io/clientpsm:latest.
2026-06-17T05:36:11.2010954Z Container is starting.
2026-06-17T05:36:11.2013723Z State: Starting, Action: MountingVolumes, LastError: ContainerTimeout, LastErrorTimestamp: 06/17/2026 05:34:33, LastErrorDetails: Container did not start within expected time limit of 230s. Please inspect your container logs for more details., Details: Mounting volumes for pmtrucs-internal-new., DetailsLevel: INFO
2026-06-17T05:36:11.2083341Z Establishing user namespace if not established already.
2026-06-17T05:36:11.2085119Z Establishing network if not established already.
2026-06-17T05:36:11.2086410Z Mounting volumes.
2026-06-17T05:36:11.2087904Z Nested mountpoint 
2026-06-17T05:36:11.2406632Z Nested mountpoint volatile/logs
2026-06-17T05:36:11.3017086Z Nested mountpoint 
2026-06-17T05:36:11.3093096Z Nested mountpoint 
2026-06-17T05:36:11.4276567Z State: Starting, Action: CreatingContainer, LastError: ContainerTimeout, LastErrorTimestamp: 06/17/2026 05:34:33, LastErrorDetails: Container did not start within expected time limit of 230s. Please inspect your container logs for more details., Details: Finished pulling container image and mounting volumes for pmtrucs-internal-new. Allocatinng the rest of the container resources to finish container creation., DetailsLevel: INFO
2026-06-17T05:36:11.4281699Z Creating container.
2026-06-17T05:36:11.4834349Z Creating pipes for streaming container io.
2026-06-17T05:36:11.4842038Z Creating stdout named pipe at /podr/container/pipe/c9245422be7c_pmtrucs-internal-new/stdout_99c539624996431e9cc37bc63dd84c6f.
2026-06-17T05:36:11.4847811Z Successfully created stdout named pipe at: /podr/container/pipe/c9245422be7c_pmtrucs-internal-new/stdout_99c539624996431e9cc37bc63dd84c6f.
2026-06-17T05:36:11.4851671Z Opening named pipe /podr/container/pipe/c9245422be7c_pmtrucs-internal-new/stdout_99c539624996431e9cc37bc63dd84c6f for reading in non-blocking mode.
2026-06-17T05:36:11.4922929Z Successfully opened named pipe: /podr/container/pipe/c9245422be7c_pmtrucs-internal-new/stdout_99c539624996431e9cc37bc63dd84c6f.
2026-06-17T05:36:11.4928121Z Successfully removed non-blocking flag from /podr/container/pipe/c9245422be7c_pmtrucs-internal-new/stdout_99c539624996431e9cc37bc63dd84c6f.
2026-06-17T05:36:11.4949816Z Creating stderr named pipe at /podr/container/pipe/c9245422be7c_pmtrucs-internal-new/stderr_09f7a87325074d23baed23f01935c28e.
2026-06-17T05:36:11.5136769Z Successfully created stderr named pipe at: /podr/container/pipe/c9245422be7c_pmtrucs-internal-new/stderr_09f7a87325074d23baed23f01935c28e.
2026-06-17T05:36:11.5303738Z Opening named pipe /podr/container/pipe/c9245422be7c_pmtrucs-internal-new/stderr_09f7a87325074d23baed23f01935c28e for reading in non-blocking mode.
2026-06-17T05:36:11.5313841Z Successfully opened named pipe: /podr/container/pipe/c9245422be7c_pmtrucs-internal-new/stderr_09f7a87325074d23baed23f01935c28e.
2026-06-17T05:36:11.5322125Z Successfully removed non-blocking flag from /podr/container/pipe/c9245422be7c_pmtrucs-internal-new/stderr_09f7a87325074d23baed23f01935c28e.
2026-06-17T05:36:11.5329135Z Overriding PORT environment variable with port exposed by container image.
2026-06-17T05:36:11.6081890Z Container image exposes ports: ContainerExposedPort { Port = 8000, Protocol = TCP }. Sanitized list of ports is: 8000. Resolved main port to 8000.
2026-06-17T05:36:11.6088168Z Setting value of PORT variable to 8000
2026-06-17T05:36:11.6365424Z Creating container with image: projectmanagementtechnrucsinternal.azurecr.io/clientpsm:latest from registry: projectmanagementtechnrucsinternal.azurecr.io and fully qualified image name: projectmanagementtechnrucsinternal.azurecr.io/clientpsm:latest
2026-06-17T05:36:12.1618487Z Starting container: c9245422be7c_pmtrucs-internal-new.
2026-06-17T05:36:12.2476300Z Starting watchers and probes.
2026-06-17T05:36:12.2500368Z Starting metrics collection.
2026-06-17T05:36:12.2504705Z Container is running.
2026-06-17T05:36:12.2577363Z State: Starting, Action: CreatingContainer, LastError: ContainerTimeout, LastErrorTimestamp: 06/17/2026 05:34:33, LastErrorDetails: Container did not start within expected time limit of 230s. Please inspect your container logs for more details., Details: Container pmtrucs-internal-new successfully created and is running., DetailsLevel: INFO
2026-06-17T05:36:12.3201498Z Container start method finished after 1625 ms.
2026-06-17T05:36:12.4390969Z State: Starting, Action: InitiatingSiteWarmUpProbe, LastError: ContainerTimeout, LastErrorTimestamp: 06/17/2026 05:34:33, LastErrorDetails: Container did not start within expected time limit of 230s. Please inspect your container logs for more details., Details: Container pmtrucs-internal-new successfully created and is running., DetailsLevel: INFO
2026-06-17T05:36:12.4395316Z State: Starting, Action: WaitingForSiteWarmUpProbeSuccess, LastError: ContainerTimeout, LastErrorTimestamp: 06/17/2026 05:34:33, LastErrorDetails: Container did not start within expected time limit of 230s. Please inspect your container logs for more details., Details: Pinging warmup path to ensure container is ready to receive requests., DetailsLevel: INFO
2026-06-17T05:36:33.7726400Z Container has finished running with exit code: 3.
2026-06-17T05:36:33.7733861Z Container is terminating. Grace period: 5 seconds.
2026-06-17T05:36:33.7761137Z Stop and delete container. Retry count = 0
2026-06-17T05:36:33.7764052Z Stopping container: c9245422be7c_pmtrucs-internal-new.
2026-06-17T05:36:33.9082202Z Deleting container: c9245422be7c_pmtrucs-internal-new. Retry count = 0
2026-06-17T05:36:34.2408329Z Container spec TerminationMessagePolicy  path 
2026-06-17T05:36:34.2495791Z Container is terminated. Total time elapsed: 467 ms.
2026-06-17T05:36:34.2498308Z Site container: pmtrucs-internal-new terminated during site startup.
2026-06-17T05:36:34.2509625Z State: Stopping, Action: CancellingStartup, LastError: ContainerTimeout, LastErrorTimestamp: 06/17/2026 05:34:33, LastErrorDetails: Container did not start within expected time limit of 230s. Please inspect your container logs for more details., Details: Site container: pmtrucs-internal-new terminated during site startup. Cancelling site startup., DetailsLevel: ERR
2026-06-17T05:36:34.6102409Z Site startup probe failed after 22.1601557 seconds.
2026-06-17T05:36:35.1450435Z State: Stopping, Action: CancellingStartup, LastError: ContainerTimeout, LastErrorTimestamp: 06/17/2026 05:36:35, LastErrorDetails: Container did not start within expected time limit of 230s. Please inspect your container logs for more details., Details: Site container: pmtrucs-internal-new terminated during site startup. Cancelling site startup., DetailsLevel: ERR
2026-06-17T05:36:35.1725467Z Failed to start site. Revert by stopping site.
2026-06-17T05:36:35.1729568Z State: Stopping, Action: StoppingSite, LastError: ContainerTimeout, LastErrorTimestamp: 06/17/2026 05:36:35, LastErrorDetails: Container did not start within expected time limit of 230s. Please inspect your container logs for more details., Details: Site container: pmtrucs-internal-new terminated during site startup. Cancelling site startup., DetailsLevel: ERR
2026-06-17T05:36:35.1734923Z State: Stopping, Action: StoppingSiteContainers, LastError: ContainerTimeout, LastErrorTimestamp: 06/17/2026 05:36:35, LastErrorDetails: Container did not start within expected time limit of 230s. Please inspect your container logs for more details., Details: Site container: pmtrucs-internal-new terminated during site startup. Cancelling site startup., DetailsLevel: ERR
2026-06-17T05:36:35.1735118Z Site: pmtrucs-internal-new stopped.
2026-06-17T05:36:35.1951848Z State: Stopping, Action: UnmountingVolumes, LastError: ContainerTimeout, LastErrorTimestamp: 06/17/2026 05:36:35, LastErrorDetails: Container did not start within expected time limit of 230s. Please inspect your container logs for more details., Details: Site container: pmtrucs-internal-new terminated during site startup. Cancelling site startup., DetailsLevel: ERR
2026-06-17T05:36:35.7939084Z State: Stopping, Action: StoppingSiteNetworks, LastError: ContainerTimeout, LastErrorTimestamp: 06/17/2026 05:36:35, LastErrorDetails: Container did not start within expected time limit of 230s. Please inspect your container logs for more details., Details: Site container: pmtrucs-internal-new terminated during site startup. Cancelling site startup., DetailsLevel: ERR
2026-06-17T05:36:35.9242748Z Site: pmtrucs-internal-new will be blocked for 1 minutes till 06/17/2026 05:37:35
2026-06-17T05:36:35.9244481Z State: Blocked, Action: StoppingSiteNetworks, LastError: ContainerTimeout, LastErrorTimestamp: 06/17/2026 05:36:35, LastErrorDetails: Container did not start within expected time limit of 230s. Please inspect your container logs for more details., Details: Site: pmtrucs-internal-new will be blocked for 1 minutes till 06/17/2026 05:37:35, DetailsLevel: WARN
2026-06-17T05:36:35.9340884Z State: Stopped, Action: None, LastError: ContainerTimeout, LastErrorTimestamp: 06/17/2026 05:36:35, LastErrorDetails: Container did not start within expected time limit of 230s. Please inspect your container logs for more details., Details: Site stopped at 06/17/2026 05:36:35 (UTC), DetailsLevel: WARN
2026-06-17T05:36:36.4811282Z State: Stopped, Action: None, LastError: ContainerTimeout, LastErrorTimestamp: 06/17/2026 05:36:35, LastErrorDetails: Container did not start within expected time limit of 230s. Please inspect your container logs for more details., Details: Site stopped at 06/17/2026 05:36:35 (UTC), DetailsLevel: WARN
2026-06-17T05:37:09.4480871Z State: Blocked, Action: None, LastError: ContainerTimeout, LastErrorTimestamp: 06/17/2026 05:36:35, LastErrorDetails: Container did not start within expected time limit of 230s. Please inspect your container logs for more details., Details: Site is blocked due to multiple, consecutive cold start failures. Site scheduled to be unblocked at 06/17/2026 05:37:35, DetailsLevel: WARN
2026-06-17T05:37:09.4481190Z Start site prohibitted because the site is being blocked.
2026-06-17T05:37:35.9243410Z Site: pmtrucs-internal-new is unblocked.
2026-06-17T05:38:09.4046563Z State: Starting, Action: EstablishingSiteNetworks, LastError: ContainerTimeout, LastErrorTimestamp: 06/17/2026 05:36:35, LastErrorDetails: Container did not start within expected time limit of 230s. Please inspect your container logs for more details., Details: Site is blocked due to multiple, consecutive cold start failures. Site scheduled to be unblocked at 06/17/2026 05:37:35, DetailsLevel: WARN
2026-06-17T05:38:10.9351175Z State: Starting, Action: StartingSiteContainers, LastError: ContainerTimeout, LastErrorTimestamp: 06/17/2026 05:36:35, LastErrorDetails: Container did not start within expected time limit of 230s. Please inspect your container logs for more details., Details: Site is blocked due to multiple, consecutive cold start failures. Site scheduled to be unblocked at 06/17/2026 05:37:35, DetailsLevel: WARN
2026-06-17T05:38:10.9354101Z Container start method called.
2026-06-17T05:38:10.9354670Z State: Starting, Action: PullingImage, LastError: ContainerTimeout, LastErrorTimestamp: 06/17/2026 05:36:35, LastErrorDetails: Container did not start within expected time limit of 230s. Please inspect your container logs for more details., Details: Pulling image projectmanagementtechnrucsinternal.azurecr.io/clientpsm:latest for pmtrucs-internal-new., DetailsLevel: INFO
2026-06-17T05:38:10.9355614Z Establishing network.
2026-06-17T05:38:10.9356644Z Pulling image: projectmanagementtechnrucsinternal.azurecr.io/clientpsm:latest.
2026-06-17T05:38:11.6881276Z Container is starting.
2026-06-17T05:38:11.6884567Z State: Starting, Action: MountingVolumes, LastError: ContainerTimeout, LastErrorTimestamp: 06/17/2026 05:36:35, LastErrorDetails: Container did not start within expected time limit of 230s. Please inspect your container logs for more details., Details: Mounting volumes for pmtrucs-internal-new., DetailsLevel: INFO
2026-06-17T05:38:11.6886140Z Establishing user namespace if not established already.
2026-06-17T05:38:11.6887382Z Establishing network if not established already.
2026-06-17T05:38:11.6888615Z Mounting volumes.
2026-06-17T05:38:11.6890133Z Nested mountpoint 
2026-06-17T05:38:11.8169351Z Nested mountpoint volatile/logs
2026-06-17T05:38:11.8392762Z Nested mountpoint 
2026-06-17T05:38:11.8482401Z Nested mountpoint 
2026-06-17T05:38:11.9838246Z State: Starting, Action: CreatingContainer, LastError: ContainerTimeout, LastErrorTimestamp: 06/17/2026 05:36:35, LastErrorDetails: Container did not start within expected time limit of 230s. Please inspect your container logs for more details., Details: Finished pulling container image and mounting volumes for pmtrucs-internal-new. Allocatinng the rest of the container resources to finish container creation., DetailsLevel: INFO
2026-06-17T05:38:11.9842354Z Creating container.
2026-06-17T05:38:11.9913839Z Creating pipes for streaming container io.
2026-06-17T05:38:11.9921868Z Creating stdout named pipe at /podr/container/pipe/6a37ee629ffd_pmtrucs-internal-new/stdout_0d032e456fa14235bf6cc7c7c2933d6f.
2026-06-17T05:38:11.9925251Z Successfully created stdout named pipe at: /podr/container/pipe/6a37ee629ffd_pmtrucs-internal-new/stdout_0d032e456fa14235bf6cc7c7c2933d6f.
2026-06-17T05:38:11.9938156Z Opening named pipe /podr/container/pipe/6a37ee629ffd_pmtrucs-internal-new/stdout_0d032e456fa14235bf6cc7c7c2933d6f for reading in non-blocking mode.
2026-06-17T05:38:12.0014403Z Successfully opened named pipe: /podr/container/pipe/6a37ee629ffd_pmtrucs-internal-new/stdout_0d032e456fa14235bf6cc7c7c2933d6f.
2026-06-17T05:38:12.0020520Z Successfully removed non-blocking flag from /podr/container/pipe/6a37ee629ffd_pmtrucs-internal-new/stdout_0d032e456fa14235bf6cc7c7c2933d6f.
2026-06-17T05:38:12.0116695Z Creating stderr named pipe at /podr/container/pipe/6a37ee629ffd_pmtrucs-internal-new/stderr_f88f4af6709a4d9a98bd6910065e1fcc.
2026-06-17T05:38:12.0137871Z Successfully created stderr named pipe at: /podr/container/pipe/6a37ee629ffd_pmtrucs-internal-new/stderr_f88f4af6709a4d9a98bd6910065e1fcc.
2026-06-17T05:38:12.0216734Z Opening named pipe /podr/container/pipe/6a37ee629ffd_pmtrucs-internal-new/stderr_f88f4af6709a4d9a98bd6910065e1fcc for reading in non-blocking mode.
2026-06-17T05:38:12.0225058Z Successfully opened named pipe: /podr/container/pipe/6a37ee629ffd_pmtrucs-internal-new/stderr_f88f4af6709a4d9a98bd6910065e1fcc.
2026-06-17T05:38:12.0229441Z Successfully removed non-blocking flag from /podr/container/pipe/6a37ee629ffd_pmtrucs-internal-new/stderr_f88f4af6709a4d9a98bd6910065e1fcc.
2026-06-17T05:38:12.0233947Z Overriding PORT environment variable with port exposed by container image.
2026-06-17T05:38:12.2008788Z Container image exposes ports: ContainerExposedPort { Port = 8000, Protocol = TCP }. Sanitized list of ports is: 8000. Resolved main port to 8000.
2026-06-17T05:38:12.2010656Z Setting value of PORT variable to 8000
2026-06-17T05:38:12.2291817Z Creating container with image: projectmanagementtechnrucsinternal.azurecr.io/clientpsm:latest from registry: projectmanagementtechnrucsinternal.azurecr.io and fully qualified image name: projectmanagementtechnrucsinternal.azurecr.io/clientpsm:latest
2026-06-17T05:38:13.2212255Z Starting container: 6a37ee629ffd_pmtrucs-internal-new.
2026-06-17T05:38:13.3135423Z Starting watchers and probes.
2026-06-17T05:38:13.3541352Z Starting metrics collection.
2026-06-17T05:38:13.3927940Z Container is running.
2026-06-17T05:38:13.3940890Z State: Starting, Action: CreatingContainer, LastError: ContainerTimeout, LastErrorTimestamp: 06/17/2026 05:36:35, LastErrorDetails: Container did not start within expected time limit of 230s. Please inspect your container logs for more details., Details: Container pmtrucs-internal-new successfully created and is running., DetailsLevel: INFO
2026-06-17T05:38:13.5734393Z Container start method finished after 2569 ms.
2026-06-17T05:38:13.5750367Z State: Starting, Action: InitiatingSiteWarmUpProbe, LastError: ContainerTimeout, LastErrorTimestamp: 06/17/2026 05:36:35, LastErrorDetails: Container did not start within expected time limit of 230s. Please inspect your container logs for more details., Details: Container pmtrucs-internal-new successfully created and is running., DetailsLevel: INFO
2026-06-17T05:38:13.5751006Z State: Starting, Action: WaitingForSiteWarmUpProbeSuccess, LastError: ContainerTimeout, LastErrorTimestamp: 06/17/2026 05:36:35, LastErrorDetails: Container did not start within expected time limit of 230s. Please inspect your container logs for more details., Details: Pinging warmup path to ensure container is ready to receive requests., DetailsLevel: INFO
2026-06-17T05:38:36.4446611Z Container has finished running with exit code: 1.
2026-06-17T05:38:36.4528086Z Container is terminating. Grace period: 5 seconds.
2026-06-17T05:38:36.4542353Z Stop and delete container. Retry count = 0
2026-06-17T05:38:36.4544028Z Stopping container: 6a37ee629ffd_pmtrucs-internal-new.
2026-06-17T05:38:36.5330590Z Deleting container: 6a37ee629ffd_pmtrucs-internal-new. Retry count = 0
2026-06-17T05:38:36.8264459Z Container spec TerminationMessagePolicy  path 
2026-06-17T05:38:36.8558972Z Container is terminated. Total time elapsed: 401 ms.
2026-06-17T05:38:36.8636957Z Site container: pmtrucs-internal-new terminated during site startup.
2026-06-17T05:38:36.8638760Z State: Stopping, Action: CancellingStartup, LastError: ContainerTimeout, LastErrorTimestamp: 06/17/2026 05:36:35, LastErrorDetails: Container did not start within expected time limit of 230s. Please inspect your container logs for more details., Details: Site container: pmtrucs-internal-new terminated during site startup. Cancelling site startup., DetailsLevel: ERR
2026-06-17T05:38:37.0065273Z Site startup probe failed after 23.4118506 seconds.
2026-06-17T05:38:37.3692726Z State: Stopping, Action: CancellingStartup, LastError: ContainerTimeout, LastErrorTimestamp: 06/17/2026 05:38:37, LastErrorDetails: Container did not start within expected time limit of 230s. Please inspect your container logs for more details., Details: Site container: pmtrucs-internal-new terminated during site startup. Cancelling site startup., DetailsLevel: ERR
2026-06-17T05:38:37.3983086Z Failed to start site. Revert by stopping site.
2026-06-17T05:38:37.3985011Z State: Stopping, Action: StoppingSite, LastError: ContainerTimeout, LastErrorTimestamp: 06/17/2026 05:38:37, LastErrorDetails: Container did not start within expected time limit of 230s. Please inspect your container logs for more details., Details: Site container: pmtrucs-internal-new terminated during site startup. Cancelling site startup., DetailsLevel: ERR
2026-06-17T05:38:37.3989726Z State: Stopping, Action: StoppingSiteContainers, LastError: ContainerTimeout, LastErrorTimestamp: 06/17/2026 05:38:37, LastErrorDetails: Container did not start within expected time limit of 230s. Please inspect your container logs for more details., Details: Site container: pmtrucs-internal-new terminated during site startup. Cancelling site startup., DetailsLevel: ERR
2026-06-17T05:38:37.3989902Z Site: pmtrucs-internal-new stopped.
2026-06-17T05:38:37.4593244Z State: Stopping, Action: UnmountingVolumes, LastError: ContainerTimeout, LastErrorTimestamp: 06/17/2026 05:38:37, LastErrorDetails: Container did not start within expected time limit of 230s. Please inspect your container logs for more details., Details: Site container: pmtrucs-internal-new terminated during site startup. Cancelling site startup., DetailsLevel: ERR
2026-06-17T05:38:37.9618887Z State: Stopping, Action: StoppingSiteNetworks, LastError: ContainerTimeout, LastErrorTimestamp: 06/17/2026 05:38:37, LastErrorDetails: Container did not start within expected time limit of 230s. Please inspect your container logs for more details., Details: Site container: pmtrucs-internal-new terminated during site startup. Cancelling site startup., DetailsLevel: ERR
2026-06-17T05:38:38.3439247Z Site: pmtrucs-internal-new will be blocked for 2 minutes till 06/17/2026 05:40:38
2026-06-17T05:38:38.3441228Z State: Blocked, Action: StoppingSiteNetworks, LastError: ContainerTimeout, LastErrorTimestamp: 06/17/2026 05:38:37, LastErrorDetails: Container did not start within expected time limit of 230s. Please inspect your container logs for more details., Details: Site: pmtrucs-internal-new will be blocked for 2 minutes till 06/17/2026 05:40:38, DetailsLevel: WARN
2026-06-17T05:38:38.3448165Z State: Stopped, Action: None, LastError: ContainerTimeout, LastErrorTimestamp: 06/17/2026 05:38:37, LastErrorDetails: Container did not start within expected time limit of 230s. Please inspect your container logs for more details., Details: Site stopped at 06/17/2026 05:38:38 (UTC), DetailsLevel: WARN
2026-06-17T05:38:39.4318363Z State: Stopped, Action: None, LastError: ContainerTimeout, LastErrorTimestamp: 06/17/2026 05:38:37, LastErrorDetails: Container did not start within expected time limit of 230s. Please inspect your container logs for more details., Details: Site stopped at 06/17/2026 05:38:38 (UTC), DetailsLevel: WARN
2026-06-17T05:39:09.3805324Z State: Blocked, Action: None, LastError: ContainerTimeout, LastErrorTimestamp: 06/17/2026 05:38:37, LastErrorDetails: Container did not start within expected time limit of 230s. Please inspect your container logs for more details., Details: Site is blocked due to multiple, consecutive cold start failures. Site scheduled to be unblocked at 06/17/2026 05:40:38, DetailsLevel: WARN
2026-06-17T05:39:09.3805879Z Start site prohibitted because the site is being blocked.
2026-06-17T05:39:31.0633227Z State: Blocked, Action: None, LastError: ContainerTimeout, LastErrorTimestamp: 06/17/2026 05:38:37, LastErrorDetails: Container did not start within expected time limit of 230s. Please inspect your container logs for more details., Details: Site is blocked due to multiple, consecutive cold start failures. Site scheduled to be unblocked at 06/17/2026 05:40:38, DetailsLevel: WARN
2026-06-17T05:39:31.0633541Z Start site prohibitted because the site is being blocked.
2026-06-17T05:40:09.4259712Z State: Blocked, Action: None, LastError: ContainerTimeout, LastErrorTimestamp: 06/17/2026 05:38:37, LastErrorDetails: Container did not start within expected time limit of 230s. Please inspect your container logs for more details., Details: Site is blocked due to multiple, consecutive cold start failures. Site scheduled to be unblocked at 06/17/2026 05:40:38, DetailsLevel: WARN
2026-06-17T05:40:09.4264663Z Start site prohibitted because the site is being blocked.
2026-06-17T05:40:30.8072204Z State: Blocked, Action: None, LastError: ContainerTimeout, LastErrorTimestamp: 06/17/2026 05:38:37, LastErrorDetails: Container did not start within expected time limit of 230s. Please inspect your container logs for more details., Details: Site is blocked due to multiple, consecutive cold start failures. Site scheduled to be unblocked at 06/17/2026 05:40:38, DetailsLevel: WARN
2026-06-17T05:40:30.8077705Z Start site prohibitted because the site is being blocked.
2026-06-17T05:40:38.3473425Z Site: pmtrucs-internal-new is unblocked.
2026-06-17T05:40:38.3870150Z State: Starting, Action: EstablishingSiteNetworks, LastError: ContainerTimeout, LastErrorTimestamp: 06/17/2026 05:38:37, LastErrorDetails: Container did not start within expected time limit of 230s. Please inspect your container logs for more details., Details: Site is blocked due to multiple, consecutive cold start failures. Site scheduled to be unblocked at 06/17/2026 05:40:38, DetailsLevel: WARN
2026-06-17T05:40:39.9183234Z State: Starting, Action: StartingSiteContainers, LastError: ContainerTimeout, LastErrorTimestamp: 06/17/2026 05:38:37, LastErrorDetails: Container did not start within expected time limit of 230s. Please inspect your container logs for more details., Details: Site is blocked due to multiple, consecutive cold start failures. Site scheduled to be unblocked at 06/17/2026 05:40:38, DetailsLevel: WARN
2026-06-17T05:40:39.9184458Z Container start method called.
2026-06-17T05:40:39.9184846Z State: Starting, Action: PullingImage, LastError: ContainerTimeout, LastErrorTimestamp: 06/17/2026 05:38:37, LastErrorDetails: Container did not start within expected time limit of 230s. Please inspect your container logs for more details., Details: Pulling image projectmanagementtechnrucsinternal.azurecr.io/clientpsm:latest for pmtrucs-internal-new., DetailsLevel: INFO
2026-06-17T05:40:39.9185606Z Establishing network.
2026-06-17T05:40:39.9186485Z Pulling image: projectmanagementtechnrucsinternal.azurecr.io/clientpsm:latest.
2026-06-17T05:40:40.2223351Z Container is starting.
2026-06-17T05:40:40.2228172Z State: Starting, Action: MountingVolumes, LastError: ContainerTimeout, LastErrorTimestamp: 06/17/2026 05:38:37, LastErrorDetails: Container did not start within expected time limit of 230s. Please inspect your container logs for more details., Details: Mounting volumes for pmtrucs-internal-new., DetailsLevel: INFO
2026-06-17T05:40:40.2232323Z Establishing user namespace if not established already.
2026-06-17T05:40:40.2235278Z Establishing network if not established already.
2026-06-17T05:40:40.2239997Z Mounting volumes.
2026-06-17T05:40:40.2309572Z Nested mountpoint 
2026-06-17T05:40:40.2915192Z Nested mountpoint volatile/logs
2026-06-17T05:40:40.3417591Z Nested mountpoint 
2026-06-17T05:40:40.3534489Z Nested mountpoint 
2026-06-17T05:40:40.3934551Z State: Starting, Action: CreatingContainer, LastError: ContainerTimeout, LastErrorTimestamp: 06/17/2026 05:38:37, LastErrorDetails: Container did not start within expected time limit of 230s. Please inspect your container logs for more details., Details: Finished pulling container image and mounting volumes for pmtrucs-internal-new. Allocatinng the rest of the container resources to finish container creation., DetailsLevel: INFO
2026-06-17T05:40:40.3937314Z Creating container.
2026-06-17T05:40:40.3941365Z Creating pipes for streaming container io.
2026-06-17T05:40:40.3945351Z Creating stdout named pipe at /podr/container/pipe/e1bdb294bebf_pmtrucs-internal-new/stdout_6e8752354a04482e950ef24096f924ec.
2026-06-17T05:40:40.4020056Z Successfully created stdout named pipe at: /podr/container/pipe/e1bdb294bebf_pmtrucs-internal-new/stdout_6e8752354a04482e950ef24096f924ec.
2026-06-17T05:40:40.4021484Z Opening named pipe /podr/container/pipe/e1bdb294bebf_pmtrucs-internal-new/stdout_6e8752354a04482e950ef24096f924ec for reading in non-blocking mode.
2026-06-17T05:40:40.4028029Z Successfully opened named pipe: /podr/container/pipe/e1bdb294bebf_pmtrucs-internal-new/stdout_6e8752354a04482e950ef24096f924ec.
2026-06-17T05:40:40.4029318Z Successfully removed non-blocking flag from /podr/container/pipe/e1bdb294bebf_pmtrucs-internal-new/stdout_6e8752354a04482e950ef24096f924ec.
2026-06-17T05:40:40.4138783Z Creating stderr named pipe at /podr/container/pipe/e1bdb294bebf_pmtrucs-internal-new/stderr_338819721f3f44c2b920970ad9393c46.
2026-06-17T05:40:40.4140392Z Successfully created stderr named pipe at: /podr/container/pipe/e1bdb294bebf_pmtrucs-internal-new/stderr_338819721f3f44c2b920970ad9393c46.
2026-06-17T05:40:40.4148044Z Opening named pipe /podr/container/pipe/e1bdb294bebf_pmtrucs-internal-new/stderr_338819721f3f44c2b920970ad9393c46 for reading in non-blocking mode.
2026-06-17T05:40:40.4149261Z Successfully opened named pipe: /podr/container/pipe/e1bdb294bebf_pmtrucs-internal-new/stderr_338819721f3f44c2b920970ad9393c46.
2026-06-17T05:40:40.4150001Z Successfully removed non-blocking flag from /podr/container/pipe/e1bdb294bebf_pmtrucs-internal-new/stderr_338819721f3f44c2b920970ad9393c46.
2026-06-17T05:40:40.4151174Z Overriding PORT environment variable with port exposed by container image.
2026-06-17T05:40:40.5560873Z Container image exposes ports: ContainerExposedPort { Port = 8000, Protocol = TCP }. Sanitized list of ports is: 8000. Resolved main port to 8000.
2026-06-17T05:40:40.5632993Z Setting value of PORT variable to 8000
2026-06-17T05:40:40.5640006Z Creating container with image: projectmanagementtechnrucsinternal.azurecr.io/clientpsm:latest from registry: projectmanagementtechnrucsinternal.azurecr.io and fully qualified image name: projectmanagementtechnrucsinternal.azurecr.io/clientpsm:latest
2026-06-17T05:40:41.1283239Z Starting container: e1bdb294bebf_pmtrucs-internal-new.
2026-06-17T05:40:41.2677983Z Starting watchers and probes.
2026-06-17T05:40:41.2699017Z Starting metrics collection.
2026-06-17T05:40:41.2701142Z Container is running.
2026-06-17T05:40:41.2780000Z State: Starting, Action: CreatingContainer, LastError: ContainerTimeout, LastErrorTimestamp: 06/17/2026 05:38:37, LastErrorDetails: Container did not start within expected time limit of 230s. Please inspect your container logs for more details., Details: Container pmtrucs-internal-new successfully created and is running., DetailsLevel: INFO
2026-06-17T05:40:41.3298759Z Container start method finished after 1411 ms.
2026-06-17T05:40:41.3608661Z State: Starting, Action: InitiatingSiteWarmUpProbe, LastError: ContainerTimeout, LastErrorTimestamp: 06/17/2026 05:38:37, LastErrorDetails: Container did not start within expected time limit of 230s. Please inspect your container logs for more details., Details: Container pmtrucs-internal-new successfully created and is running., DetailsLevel: INFO
2026-06-17T05:40:41.3903664Z State: Starting, Action: WaitingForSiteWarmUpProbeSuccess, LastError: ContainerTimeout, LastErrorTimestamp: 06/17/2026 05:38:37, LastErrorDetails: Container did not start within expected time limit of 230s. Please inspect your container logs for more details., Details: Pinging warmup path to ensure container is ready to receive requests., DetailsLevel: INFO
2026-06-17T05:41:00.7806155Z Container has finished running with exit code: 1.
2026-06-17T05:41:00.7814632Z Container is terminating. Grace period: 5 seconds.
2026-06-17T05:41:00.7911763Z Stop and delete container. Retry count = 0
2026-06-17T05:41:00.7912897Z Stopping container: e1bdb294bebf_pmtrucs-internal-new.
2026-06-17T05:41:00.8638676Z Deleting container: e1bdb294bebf_pmtrucs-internal-new. Retry count = 0
2026-06-17T05:41:01.1047321Z Container spec TerminationMessagePolicy  path 
2026-06-17T05:41:01.1161757Z Container is terminated. Total time elapsed: 331 ms.
2026-06-17T05:41:01.1222668Z Site container: pmtrucs-internal-new terminated during site startup.
2026-06-17T05:41:01.1292084Z State: Stopping, Action: CancellingStartup, LastError: ContainerTimeout, LastErrorTimestamp: 06/17/2026 05:38:37, LastErrorDetails: Container did not start within expected time limit of 230s. Please inspect your container logs for more details., Details: Site container: pmtrucs-internal-new terminated during site startup. Cancelling site startup., DetailsLevel: ERR
2026-06-17T05:41:01.7072084Z Site startup probe failed after 20.2969817 seconds.
2026-06-17T05:41:02.2905207Z State: Stopping, Action: CancellingStartup, LastError: ContainerTimeout, LastErrorTimestamp: 06/17/2026 05:41:02, LastErrorDetails: Container did not start within expected time limit of 230s. Please inspect your container logs for more details., Details: Site container: pmtrucs-internal-new terminated during site startup. Cancelling site startup., DetailsLevel: ERR
2026-06-17T05:41:02.3200743Z Failed to start site. Revert by stopping site.
2026-06-17T05:41:02.3208761Z State: Stopping, Action: StoppingSite, LastError: ContainerTimeout, LastErrorTimestamp: 06/17/2026 05:41:02, LastErrorDetails: Container did not start within expected time limit of 230s. Please inspect your container logs for more details., Details: Site container: pmtrucs-internal-new terminated during site startup. Cancelling site startup., DetailsLevel: ERR
2026-06-17T05:41:02.3218063Z State: Stopping, Action: StoppingSiteContainers, LastError: ContainerTimeout, LastErrorTimestamp: 06/17/2026 05:41:02, LastErrorDetails: Container did not start within expected time limit of 230s. Please inspect your container logs for more details., Details: Site container: pmtrucs-internal-new terminated during site startup. Cancelling site startup., DetailsLevel: ERR
2026-06-17T05:41:02.3218422Z Site: pmtrucs-internal-new stopped.
2026-06-17T05:44:42.4112244Z State: Starting, Action: EstablishingSiteNetworks, LastError: ContainerTimeout, LastErrorTimestamp: 06/17/2026 05:41:02, LastErrorDetails: Container did not start within expected time limit of 230s. Please inspect your container logs for more details., Details: Site is blocked due to multiple, consecutive cold start failures. Site scheduled to be unblocked at 06/17/2026 05:43:02, DetailsLevel: WARN
2026-06-17T05:44:44.0499724Z State: Starting, Action: StartingSiteContainers, LastError: ContainerTimeout, LastErrorTimestamp: 06/17/2026 05:41:02, LastErrorDetails: Container did not start within expected time limit of 230s. Please inspect your container logs for more details., Details: Site is blocked due to multiple, consecutive cold start failures. Site scheduled to be unblocked at 06/17/2026 05:43:02, DetailsLevel: WARN
2026-06-17T05:44:44.0501815Z Container start method called.
2026-06-17T05:44:44.0504398Z State: Starting, Action: PullingImage, LastError: ContainerTimeout, LastErrorTimestamp: 06/17/2026 05:41:02, LastErrorDetails: Container did not start within expected time limit of 230s. Please inspect your container logs for more details., Details: Pulling image projectmanagementtechnrucsinternal.azurecr.io/clientpsm:latest for pmtrucs-internal-new., DetailsLevel: INFO
2026-06-17T05:44:44.0505974Z Establishing network.
2026-06-17T05:44:44.0507370Z Pulling image: projectmanagementtechnrucsinternal.azurecr.io/clientpsm:latest.
2026-06-17T05:44:45.4904142Z Container is starting.
2026-06-17T05:44:45.4905474Z State: Starting, Action: MountingVolumes, LastError: ContainerTimeout, LastErrorTimestamp: 06/17/2026 05:41:02, LastErrorDetails: Container did not start within expected time limit of 230s. Please inspect your container logs for more details., Details: Mounting volumes for pmtrucs-internal-new., DetailsLevel: INFO
2026-06-17T05:44:45.4906837Z Establishing user namespace if not established already.
2026-06-17T05:44:45.4910143Z Establishing network if not established already.
2026-06-17T05:44:45.4912444Z Mounting volumes.
2026-06-17T05:44:45.4913774Z Nested mountpoint 
2026-06-17T05:44:45.5504545Z Nested mountpoint volatile/logs
2026-06-17T05:44:45.5623673Z Nested mountpoint 
2026-06-17T05:44:45.6008168Z Nested mountpoint 
2026-06-17T05:44:45.8117002Z State: Starting, Action: CreatingContainer, LastError: ContainerTimeout, LastErrorTimestamp: 06/17/2026 05:41:02, LastErrorDetails: Container did not start within expected time limit of 230s. Please inspect your container logs for more details., Details: Finished pulling container image and mounting volumes for pmtrucs-internal-new. Allocatinng the rest of the container resources to finish container creation., DetailsLevel: INFO
2026-06-17T05:44:45.8121736Z Creating container.
2026-06-17T05:44:45.8127791Z Creating pipes for streaming container io.
2026-06-17T05:44:45.8131862Z Creating stdout named pipe at /podr/container/pipe/74e632d16b76_pmtrucs-internal-new/stdout_4a307035458f4eacb24a49503d47418d.
2026-06-17T05:44:45.8317794Z Successfully created stdout named pipe at: /podr/container/pipe/74e632d16b76_pmtrucs-internal-new/stdout_4a307035458f4eacb24a49503d47418d.
2026-06-17T05:44:45.8321289Z Opening named pipe /podr/container/pipe/74e632d16b76_pmtrucs-internal-new/stdout_4a307035458f4eacb24a49503d47418d for reading in non-blocking mode.
2026-06-17T05:44:45.8330344Z Successfully opened named pipe: /podr/container/pipe/74e632d16b76_pmtrucs-internal-new/stdout_4a307035458f4eacb24a49503d47418d.
2026-06-17T05:44:45.8337915Z Successfully removed non-blocking flag from /podr/container/pipe/74e632d16b76_pmtrucs-internal-new/stdout_4a307035458f4eacb24a49503d47418d.
2026-06-17T05:44:45.8518366Z Creating stderr named pipe at /podr/container/pipe/74e632d16b76_pmtrucs-internal-new/stderr_10ba8bfd7be7416daf816fbb1b62e6ce.
2026-06-17T05:44:45.8526136Z Successfully created stderr named pipe at: /podr/container/pipe/74e632d16b76_pmtrucs-internal-new/stderr_10ba8bfd7be7416daf816fbb1b62e6ce.
2026-06-17T05:44:45.8526980Z Opening named pipe /podr/container/pipe/74e632d16b76_pmtrucs-internal-new/stderr_10ba8bfd7be7416daf816fbb1b62e6ce for reading in non-blocking mode.
2026-06-17T05:44:45.8527855Z Successfully opened named pipe: /podr/container/pipe/74e632d16b76_pmtrucs-internal-new/stderr_10ba8bfd7be7416daf816fbb1b62e6ce.
2026-06-17T05:44:45.8528631Z Successfully removed non-blocking flag from /podr/container/pipe/74e632d16b76_pmtrucs-internal-new/stderr_10ba8bfd7be7416daf816fbb1b62e6ce.
2026-06-17T05:44:45.8537945Z Overriding PORT environment variable with port exposed by container image.
2026-06-17T05:44:45.9129236Z Container image exposes ports: ContainerExposedPort { Port = 8000, Protocol = TCP }. Sanitized list of ports is: 8000. Resolved main port to 8000.
2026-06-17T05:44:45.9135506Z Setting value of PORT variable to 8000
2026-06-17T05:44:45.9137222Z Creating container with image: projectmanagementtechnrucsinternal.azurecr.io/clientpsm:latest from registry: projectmanagementtechnrucsinternal.azurecr.io and fully qualified image name: projectmanagementtechnrucsinternal.azurecr.io/clientpsm:latest
2026-06-17T05:44:46.3631777Z Starting container: 74e632d16b76_pmtrucs-internal-new.
2026-06-17T05:44:46.4330979Z Starting watchers and probes.
2026-06-17T05:44:46.4426504Z Starting metrics collection.
2026-06-17T05:44:46.4428685Z Container is running.
2026-06-17T05:44:46.4429554Z State: Starting, Action: CreatingContainer, LastError: ContainerTimeout, LastErrorTimestamp: 06/17/2026 05:41:02, LastErrorDetails: Container did not start within expected time limit of 230s. Please inspect your container logs for more details., Details: Container pmtrucs-internal-new successfully created and is running., DetailsLevel: INFO
2026-06-17T05:44:46.5039420Z Container start method finished after 2453 ms.
2026-06-17T05:44:46.5141793Z State: Starting, Action: InitiatingSiteWarmUpProbe, LastError: ContainerTimeout, LastErrorTimestamp: 06/17/2026 05:41:02, LastErrorDetails: Container did not start within expected time limit of 230s. Please inspect your container logs for more details., Details: Container pmtrucs-internal-new successfully created and is running., DetailsLevel: INFO
2026-06-17T05:44:46.5142500Z State: Starting, Action: WaitingForSiteWarmUpProbeSuccess, LastError: ContainerTimeout, LastErrorTimestamp: 06/17/2026 05:41:02, LastErrorDetails: Container did not start within expected time limit of 230s. Please inspect your container logs for more details., Details: Pinging warmup path to ensure container is ready to receive requests., DetailsLevel: INFO
2026-06-17T05:45:09.7183201Z Container has finished running with exit code: 3.
2026-06-17T05:45:09.7185746Z Container is terminating. Grace period: 5 seconds.
2026-06-17T05:45:09.7199876Z Stop and delete container. Retry count = 0
2026-06-17T05:45:09.7207582Z Stopping container: 74e632d16b76_pmtrucs-internal-new.
2026-06-17T05:45:09.8205522Z Deleting container: 74e632d16b76_pmtrucs-internal-new. Retry count = 0
2026-06-17T05:45:10.0436206Z Container spec TerminationMessagePolicy  path 
2026-06-17T05:45:10.0532605Z Container is terminated. Total time elapsed: 333 ms.
2026-06-17T05:45:10.0541259Z Site container: pmtrucs-internal-new terminated during site startup.
2026-06-17T05:45:10.0624691Z State: Stopping, Action: CancellingStartup, LastError: ContainerTimeout, LastErrorTimestamp: 06/17/2026 05:41:02, LastErrorDetails: Container did not start within expected time limit of 230s. Please inspect your container logs for more details., Details: Site container: pmtrucs-internal-new terminated during site startup. Cancelling site startup., DetailsLevel: ERR
2026-06-17T05:45:10.2278637Z Site startup probe failed after 23.6637023 seconds.
2026-06-17T05:45:11.0208067Z State: Stopping, Action: CancellingStartup, LastError: ContainerTimeout, LastErrorTimestamp: 06/17/2026 05:45:11, LastErrorDetails: Container did not start within expected time limit of 230s. Please inspect your container logs for more details., Details: Site container: pmtrucs-internal-new terminated during site startup. Cancelling site startup., DetailsLevel: ERR
2026-06-17T05:45:11.0923751Z Failed to start site. Revert by stopping site.
2026-06-17T05:45:11.1127603Z State: Stopping, Action: StoppingSite, LastError: ContainerTimeout, LastErrorTimestamp: 06/17/2026 05:45:11, LastErrorDetails: Container did not start within expected time limit of 230s. Please inspect your container logs for more details., Details: Site container: pmtrucs-internal-new terminated during site startup. Cancelling site startup., DetailsLevel: ERR
2026-06-17T05:45:11.1411397Z State: Stopping, Action: StoppingSiteContainers, LastError: ContainerTimeout, LastErrorTimestamp: 06/17/2026 05:45:11, LastErrorDetails: Container did not start within expected time limit of 230s. Please inspect your container logs for more details., Details: Site container: pmtrucs-internal-new terminated during site startup. Cancelling site startup., DetailsLevel: ERR
2026-06-17T05:45:11.1411663Z Site: pmtrucs-internal-new stopped.
