2026-06-17T05:32:06.1593197Z     __ __          __      __    _ __     
2026-06-17T05:32:06.1779505Z    / //_/_  _ ____/ /_  __/ /   (_) /____ 
2026-06-17T05:32:06.1779821Z   / ,< / / / / __  / / / / /   / / __/ _  
2026-06-17T05:32:06.1779844Z  / /| / /_/ / /_/ / /_/ / /___/ / /_/  __/
2026-06-17T05:32:06.1779931Z /_/ |_\__,_/\__,_/\__,_/_____/_/\__/\___/ 
2026-06-17T05:32:06.1779976Z 
2026-06-17T05:32:06.1780004Z                                           
2026-06-17T05:32:06.1780022Z DEBUG CONSOLE | AZURE APP SERVICE ON LINUX
2026-06-17T05:32:06.1780039Z 
2026-06-17T05:32:06.1780059Z Documentation: http://aka.ms/webapp-linux
2026-06-17T05:32:06.1780079Z Kudu Version : 20260513.7
2026-06-17T05:32:06.1780104Z Commit       : b50d86d9b8573549200649bf549408e5bf953c23
2026-06-17T05:32:06.1780143Z Instance Name: lw0sdlwk0003JD
2026-06-17T05:32:06.1780179Z Instance Id  : 48274e889b02f7890c1050bd386321425fa2cc936574965a145b0eff265739fb
2026-06-17T05:32:06.1780197Z 
2026-06-17T05:32:07.6583037Z chown: changing ownership of '/temp': Operation not permitted
2026-06-17T05:32:07.6872970Z chmod: changing permissions of '/temp': Operation not permitted
2026-06-17T05:32:10.9340399Z Restarting OpenBSD Secure Shell server: sshd.
2026-06-17T05:32:11.2096450Z node not running, starting node /opt/webssh/index.js
2026-06-17T05:32:40.2232433Z Wed Jun 17 05:32:40 UTC 2026 running .net core
2026-06-17T05:32:46.7678527Z Startup : 05.32.46.650766
2026-06-17T05:32:46.8511616Z Configure Services : 05.32.46.844327
2026-06-17T05:32:48.6581570Z Configure : 05.32.48.650639
2026-06-17T05:32:51.0075332Z Setting Up Routes : 05.32.51.007329
2026-06-17T05:32:51.1950677Z Exiting Configure : 05.32.51.186908
2026-06-17T05:32:52.3235870Z Hosting environment: Production
2026-06-17T05:32:52.3332040Z Content root path: /opt/Kudu
2026-06-17T05:32:52.3332154Z Now listening on: http://0.0.0.0:8181
2026-06-17T05:32:52.3332259Z Application started. Press Ctrl+C to shut down.
2026-06-17T05:43:49.0538149Z     __ __          __      __    _ __     
2026-06-17T05:43:49.0546664Z    / //_/_  _ ____/ /_  __/ /   (_) /____ 
2026-06-17T05:43:49.0546853Z   / ,< / / / / __  / / / / /   / / __/ _  
2026-06-17T05:43:49.0546873Z  / /| / /_/ / /_/ / /_/ / /___/ / /_/  __/
2026-06-17T05:43:49.0546893Z /_/ |_\__,_/\__,_/\__,_/_____/_/\__/\___/ 
2026-06-17T05:43:49.0546984Z 
2026-06-17T05:43:49.0547014Z                                           
2026-06-17T05:43:49.0547034Z DEBUG CONSOLE | AZURE APP SERVICE ON LINUX
2026-06-17T05:43:49.0547051Z 
2026-06-17T05:43:49.0547070Z Documentation: http://aka.ms/webapp-linux
2026-06-17T05:43:49.0547091Z Kudu Version : 20260513.7
2026-06-17T05:43:49.0547112Z Commit       : b50d86d9b8573549200649bf549408e5bf953c23
2026-06-17T05:43:49.0547131Z Instance Name: lw0sdlwk0003JD
2026-06-17T05:43:49.0547172Z Instance Id  : 48274e889b02f7890c1050bd386321425fa2cc936574965a145b0eff265739fb
2026-06-17T05:43:49.0547190Z 
2026-06-17T05:43:49.4271284Z chown: changing ownership of '/temp': Operation not permitted
2026-06-17T05:43:49.4579739Z chmod: changing permissions of '/temp': Operation not permitted
2026-06-17T05:43:51.8321894Z Restarting OpenBSD Secure Shell server: sshd.
2026-06-17T05:43:51.9417725Z node not running, starting node /opt/webssh/index.js
2026-06-17T05:44:00.6253378Z Wed Jun 17 05:44:00 UTC 2026 running .net core
2026-06-17T05:44:02.5734565Z Startup : 05.44.02.504966
2026-06-17T05:44:02.6365884Z Configure Services : 05.44.02.636006
2026-06-17T05:44:04.1867801Z Configure : 05.44.04.186562
2026-06-17T05:44:05.7966618Z Setting Up Routes : 05.44.05.796477
2026-06-17T05:44:05.9163811Z Exiting Configure : 05.44.05.916220
2026-06-17T05:44:06.5911427Z Hosting environment: Production
2026-06-17T05:44:06.5934791Z Content root path: /opt/Kudu
2026-06-17T05:44:06.5935124Z Now listening on: http://0.0.0.0:8181
2026-06-17T05:44:06.5935179Z Application started. Press Ctrl+C to shut down.
