2026-06-16T13:19:14.6137574+00:00 ContainerStatus: State: Stopping, Action: StoppingSiteContainers, LastError: , LastErrorTimestamp: 01/01/0001 00:00:00, LastErrorDetails: , Details: Site started at 06/16/2026 13:13:40 (UTC), DetailsLevel: INFO
2026-06-16T13:19:14.6143060+00:00 ContainerStatus: Container is terminating. Grace period: 5 seconds.
2026-06-16T13:19:14.6962819+00:00 ContainerStatus: Stop and delete container. Retry count = 0
2026-06-16T13:19:14.7047523+00:00 ContainerStatus: Stopping container: 9113eb9137f7_pmtrucs-internal-new.
2026-06-16T13:19:15.3908885+00:00 ContainerStream: [Previous Container] [2026-06-16 13:19:15 +0000] [10] [INFO] Shutting down
2026-06-16T13:19:15.4103912+00:00 ContainerStream: [Previous Container] [2026-06-16 13:19:15 +0000] [11] [INFO] Shutting down
2026-06-16T13:19:15.4202315+00:00 ContainerStream: [Previous Container] [2026-06-16 13:19:15 +0000] [9] [INFO] Shutting down
2026-06-16T13:19:15.4211799+00:00 ContainerStream: [Previous Container] [2026-06-16 13:19:15 +0000] [11] [INFO] Error while closing socket [Errno 9] Bad file descriptor
2026-06-16T13:19:15.4326745+00:00 ContainerStream: [Previous Container] [2026-06-16 13:19:15 +0000] [8] [INFO] Shutting down
2026-06-16T13:19:15.4426835+00:00 ContainerStream: [Previous Container] [2026-06-16 13:19:15 +0000] [8] [INFO] Error while closing socket [Errno 9] Bad file descriptor
2026-06-16T13:19:15.4450347+00:00 ContainerStream: [Previous Container] [2026-06-16 13:19:15 +0000] [10] [INFO] Error while closing socket [Errno 9] Bad file descriptor
2026-06-16T13:19:15.4545178+00:00 ContainerStream: [Previous Container] [2026-06-16 13:19:15 +0000] [9] [INFO] Error while closing socket [Errno 9] Bad file descriptor
2026-06-16T13:19:15.5322633+00:00 ContainerStream: [Previous Container] [2026-06-16 13:19:15 +0000] [11] [INFO] Waiting for application shutdown.
2026-06-16T13:19:15.5333768+00:00 ContainerStream: [Previous Container] [2026-06-16 13:19:15 +0000] [11] [INFO] Application shutdown complete.
2026-06-16T13:19:15.5334361+00:00 ContainerStream: [Previous Container] [2026-06-16 13:19:15 +0000] [11] [INFO] Finished server process [11]
2026-06-16T13:19:15.5545758+00:00 ContainerStream: [Previous Container] [2026-06-16 13:19:15 +0000] [8] [INFO] Waiting for application shutdown.
2026-06-16T13:19:15.5550305+00:00 ContainerStream: [Previous Container] [2026-06-16 13:19:15 +0000] [8] [INFO] Application shutdown complete.
2026-06-16T13:19:15.5550452+00:00 ContainerStream: [Previous Container] [2026-06-16 13:19:15 +0000] [8] [INFO] Finished server process [8]
2026-06-16T13:19:15.6228772+00:00 ContainerStream: [Previous Container] [2026-06-16 13:19:15 +0000] [9] [INFO] Waiting for application shutdown.
2026-06-16T13:19:15.6430178+00:00 ContainerStream: [Previous Container] [2026-06-16 13:19:15 +0000] [9] [INFO] Application shutdown complete.
2026-06-16T13:19:15.6430417+00:00 ContainerStream: [Previous Container] [2026-06-16 13:19:15 +0000] [9] [INFO] Finished server process [9]
2026-06-16T13:19:15.6525520+00:00 ContainerStream: [Previous Container] [2026-06-16 13:19:15 +0000] [10] [INFO] Waiting for application shutdown.
2026-06-16T13:19:15.6735357+00:00 ContainerStream: [Previous Container] [2026-06-16 13:19:15 +0000] [10] [INFO] Application shutdown complete.
2026-06-16T13:19:15.6741391+00:00 ContainerStream: [Previous Container] [2026-06-16 13:19:15 +0000] [10] [INFO] Finished server process [10]
2026-06-16T13:19:15.7769672+00:00 ContainerStream: [Previous Container] [2026-06-16 13:19:15 +0000] [1] [INFO] Worker (pid:11) was sent SIGTERM!
2026-06-16T13:19:15.7982712+00:00 ContainerStream: [Previous Container] [2026-06-16 13:19:15 +0000] [1] [INFO] Worker (pid:8) was sent SIGTERM!
2026-06-16T13:19:15.7982982+00:00 ContainerStream: [Previous Container] [2026-06-16 13:19:15 +0000] [1] [INFO] Worker (pid:9) was sent SIGTERM!
2026-06-16T13:19:15.8978674+00:00 ContainerStream: [Previous Container] [2026-06-16 13:19:15 +0000] [1] [INFO] Worker (pid:10) was sent SIGTERM!
2026-06-16T13:19:16.0003048+00:00 ContainerStream: [Previous Container] [2026-06-16 13:19:15 +0000] [1] [INFO] Shutting down: Master
2026-06-16T13:19:17.3154072+00:00 ContainerStatus: Deleting container: 9113eb9137f7_pmtrucs-internal-new. Retry count = 0
2026-06-16T13:19:17.6468429+00:00 ContainerStatus: Container spec TerminationMessagePolicy  path 
2026-06-16T13:19:17.6562121+00:00 ContainerStatus: Container is terminated. Total time elapsed: 3033 ms.
2026-06-16T13:19:17.6596075+00:00 ContainerStatus: Site: pmtrucs-internal-new stopped.
2026-06-16T13:22:36.2685000+00:00 ContainerStatus: State: Starting, Action: EstablishingSiteNetworks, LastError: , LastErrorTimestamp: 01/01/0001 00:00:00, LastErrorDetails: , Details: , DetailsLevel: INFO
2026-06-16T13:22:40.6121053+00:00 ContainerStatus: State: Starting, Action: StartingSiteContainers, LastError: , LastErrorTimestamp: 01/01/0001 00:00:00, LastErrorDetails: , Details: , DetailsLevel: INFO
2026-06-16T13:22:40.6727575+00:00 ContainerStatus: Container start method called.
2026-06-16T13:22:40.7134680+00:00 ContainerStatus: State: Starting, Action: PullingImage, LastError: , LastErrorTimestamp: 01/01/0001 00:00:00, LastErrorDetails: , Details: Pulling image projectmanagementtechnrucsinternal.azurecr.io/clientpsm:latest for pmtrucs-internal-new., DetailsLevel: INFO
2026-06-16T13:22:40.7137462+00:00 ContainerStatus: Establishing network.
2026-06-16T13:22:40.7138878+00:00 ContainerStatus: Pulling image: projectmanagementtechnrucsinternal.azurecr.io/clientpsm:latest.
2026-06-16T13:22:45.1394109+00:00 ContainerStream: [2026-06-16 13:22:44 +0000] [9] [ERROR] Exception in ASGI application
2026-06-16T13:22:45.1394560+00:00 ContainerStream: Traceback (most recent call last):
2026-06-16T13:22:45.1394589+00:00 ContainerStream:   File "/usr/local/lib/python3.14/site-packages/uvicorn/protocols/http/httptools_impl.py", line 421, in run_asgi
2026-06-16T13:22:45.1394914+00:00 ContainerStream:     result = await app(  # type: ignore[func-returns-value]
2026-06-16T13:22:45.1394936+00:00 ContainerStream:              ^^^^^^^^^^^^^^^^^^^^^^^^^^^^^^^^^^^^^^^^^^^^^^
2026-06-16T13:22:45.1394971+00:00 ContainerStream:         self.scope, self.receive, self.send
2026-06-16T13:22:45.1394988+00:00 ContainerStream:         ^^^^^^^^^^^^^^^^^^^^^^^^^^^^^^^^^^^
2026-06-16T13:22:45.1395002+00:00 ContainerStream:     )
2026-06-16T13:22:45.1395016+00:00 ContainerStream:     ^
2026-06-16T13:22:45.1395037+00:00 ContainerStream:   File "/usr/local/lib/python3.14/site-packages/uvicorn/middleware/proxy_headers.py", line 62, in __call__
2026-06-16T13:22:45.1395081+00:00 ContainerStream:     return await self.app(scope, receive, send)
2026-06-16T13:22:45.1395099+00:00 ContainerStream:            ^^^^^^^^^^^^^^^^^^^^^^^^^^^^^^^^^^^^
2026-06-16T13:22:45.1395116+00:00 ContainerStream:   File "/usr/local/lib/python3.14/site-packages/fastapi/applications.py", line 1162, in __call__
2026-06-16T13:22:45.1395133+00:00 ContainerStream:     await super().__call__(scope, receive, send)
2026-06-16T13:22:45.1395151+00:00 ContainerStream:   File "/usr/local/lib/python3.14/site-packages/starlette/applications.py", line 90, in __call__
2026-06-16T13:22:45.1395167+00:00 ContainerStream:     await self.middleware_stack(scope, receive, send)
2026-06-16T13:22:45.1395186+00:00 ContainerStream:   File "/usr/local/lib/python3.14/site-packages/starlette/middleware/errors.py", line 186, in __call__
2026-06-16T13:22:45.1395204+00:00 ContainerStream:     raise exc
2026-06-16T13:22:45.1395221+00:00 ContainerStream:   File "/usr/local/lib/python3.14/site-packages/starlette/middleware/errors.py", line 164, in __call__
2026-06-16T13:22:45.1395237+00:00 ContainerStream:     await self.app(scope, receive, _send)
2026-06-16T13:22:45.1395279+00:00 ContainerStream:   File "/usr/local/lib/python3.14/site-packages/starlette/middleware/cors.py", line 96, in __call__
2026-06-16T13:22:45.1395297+00:00 ContainerStream:     await self.simple_response(scope, receive, send, request_headers=headers)
2026-06-16T13:22:45.1395315+00:00 ContainerStream:   File "/usr/local/lib/python3.14/site-packages/starlette/middleware/cors.py", line 154, in simple_response
2026-06-16T13:22:45.1395331+00:00 ContainerStream:     await self.app(scope, receive, send)
2026-06-16T13:22:45.1395349+00:00 ContainerStream:   File "/usr/local/lib/python3.14/site-packages/starlette/middleware/exceptions.py", line 63, in __call__
2026-06-16T13:22:45.1395366+00:00 ContainerStream:     await wrap_app_handling_exceptions(self.app, conn)(scope, receive, send)
2026-06-16T13:22:45.1395384+00:00 ContainerStream:   File "/usr/local/lib/python3.14/site-packages/starlette/_exception_handler.py", line 53, in wrapped_app
2026-06-16T13:22:45.1395399+00:00 ContainerStream:     raise exc
2026-06-16T13:22:45.1395416+00:00 ContainerStream:   File "/usr/local/lib/python3.14/site-packages/starlette/_exception_handler.py", line 42, in wrapped_app
2026-06-16T13:22:45.1395432+00:00 ContainerStream:     await app(scope, receive, sender)
2026-06-16T13:22:45.1395473+00:00 ContainerStream:   File "/usr/local/lib/python3.14/site-packages/fastapi/middleware/asyncexitstack.py", line 18, in __call__
2026-06-16T13:22:45.1395489+00:00 ContainerStream:     await self.app(scope, receive, send)
2026-06-16T13:22:45.1395507+00:00 ContainerStream:   File "/usr/local/lib/python3.14/site-packages/starlette/routing.py", line 660, in __call__
2026-06-16T13:22:45.1395526+00:00 ContainerStream:     await self.middleware_stack(scope, receive, send)
2026-06-16T13:22:45.1395544+00:00 ContainerStream:   File "/usr/local/lib/python3.14/site-packages/starlette/routing.py", line 680, in app
2026-06-16T13:22:45.1395560+00:00 ContainerStream:     await route.handle(scope, receive, send)
2026-06-16T13:22:45.1395577+00:00 ContainerStream:   File "/usr/local/lib/python3.14/site-packages/fastapi/routing.py", line 1609, in handle
2026-06-16T13:22:45.1395593+00:00 ContainerStream:     await self.original_router.handle(scope, receive, send)
2026-06-16T13:22:45.1395630+00:00 ContainerStream:   File "/usr/local/lib/python3.14/site-packages/fastapi/routing.py", line 2047, in handle
2026-06-16T13:22:45.1395647+00:00 ContainerStream:     await included_router._handle_selected(scope, receive, send)
2026-06-16T13:22:45.1395665+00:00 ContainerStream:   File "/usr/local/lib/python3.14/site-packages/fastapi/routing.py", line 1629, in _handle_selected
2026-06-16T13:22:45.1395681+00:00 ContainerStream:     await original_route.handle(scope, receive, send)
2026-06-16T13:22:45.1395699+00:00 ContainerStream:   File "/usr/local/lib/python3.14/site-packages/fastapi/routing.py", line 1218, in handle
2026-06-16T13:22:45.1395715+00:00 ContainerStream:     await app(scope, receive, send)
2026-06-16T13:22:45.1395732+00:00 ContainerStream:   File "/usr/local/lib/python3.14/site-packages/fastapi/routing.py", line 143, in app
2026-06-16T13:22:45.1395749+00:00 ContainerStream:     await wrap_app_handling_exceptions(app, request)(scope, receive, send)
2026-06-16T13:22:45.1395767+00:00 ContainerStream:   File "/usr/local/lib/python3.14/site-packages/starlette/_exception_handler.py", line 53, in wrapped_app
2026-06-16T13:22:45.1395781+00:00 ContainerStream:     raise exc
2026-06-16T13:22:45.1395815+00:00 ContainerStream:   File "/usr/local/lib/python3.14/site-packages/starlette/_exception_handler.py", line 42, in wrapped_app
2026-06-16T13:22:45.1395831+00:00 ContainerStream:     await app(scope, receive, sender)
2026-06-16T13:22:45.1395848+00:00 ContainerStream:   File "/usr/local/lib/python3.14/site-packages/fastapi/routing.py", line 129, in app
2026-06-16T13:22:45.1395864+00:00 ContainerStream:     response = await f(request)
2026-06-16T13:22:45.1395880+00:00 ContainerStream:                ^^^^^^^^^^^^^^^^
2026-06-16T13:22:45.1395897+00:00 ContainerStream:   File "/usr/local/lib/python3.14/site-packages/fastapi/routing.py", line 683, in app
2026-06-16T13:22:45.1395913+00:00 ContainerStream:     raw_response = await run_endpoint_function(
2026-06-16T13:22:45.1395929+00:00 ContainerStream:                    ^^^^^^^^^^^^^^^^^^^^^^^^^^^^
2026-06-16T13:22:45.1395944+00:00 ContainerStream:     ...<3 lines>...
2026-06-16T13:22:45.1395958+00:00 ContainerStream:     )
2026-06-16T13:22:45.1395971+00:00 ContainerStream:     ^
2026-06-16T13:22:45.1395990+00:00 ContainerStream:   File "/usr/local/lib/python3.14/site-packages/fastapi/routing.py", line 337, in run_endpoint_function
2026-06-16T13:22:45.1396355+00:00 ContainerStream:     return await dependant.call(**values)
2026-06-16T13:22:45.1396377+00:00 ContainerStream:            ^^^^^^^^^^^^^^^^^^^^^^^^^^^^^^
2026-06-16T13:22:45.1396394+00:00 ContainerStream:   File "/app/app/routers/auth.py", line 26, in login
2026-06-16T13:22:45.1396766+00:00 ContainerStream:     if not user or not verify_password(form_data.password, user.hashed_password):
2026-06-16T13:22:45.1396788+00:00 ContainerStream:                        ~~~~~~~~~~~~~~~^^^^^^^^^^^^^^^^^^^^^^^^^^^^^^^^^^^^^^^^^^
2026-06-16T13:22:45.1396811+00:00 ContainerStream:   File "/app/app/core/security.py", line 53, in verify_password
2026-06-16T13:22:45.1396848+00:00 ContainerStream:     return pwd_context.verify(plain_password, hashed_password)
2026-06-16T13:22:45.1396865+00:00 ContainerStream:            ~~~~~~~~~~~~~~~~~~^^^^^^^^^^^^^^^^^^^^^^^^^^^^^^^^^
2026-06-16T13:22:45.1396882+00:00 ContainerStream:   File "/usr/local/lib/python3.14/site-packages/passlib/context.py", line 2347, in verify
2026-06-16T13:22:45.1396898+00:00 ContainerStream:     return record.verify(secret, hash, **kwds)
2026-06-16T13:22:45.1396914+00:00 ContainerStream:            ~~~~~~~~~~~~~^^^^^^^^^^^^^^^^^^^^^^
2026-06-16T13:22:45.1396931+00:00 ContainerStream:   File "/usr/local/lib/python3.14/site-packages/passlib/utils/handlers.py", line 792, in verify
2026-06-16T13:22:45.1396948+00:00 ContainerStream:     return consteq(self._calc_checksum(secret), chk)
2026-06-16T13:22:45.1396964+00:00 ContainerStream:                    ~~~~~~~~~~~~~~~~~~~^^^^^^^^
2026-06-16T13:22:45.1396982+00:00 ContainerStream:   File "/usr/local/lib/python3.14/site-packages/passlib/handlers/bcrypt.py", line 591, in _calc_checksum
2026-06-16T13:22:45.1396997+00:00 ContainerStream:     self._stub_requires_backend()
2026-06-16T13:22:45.1397034+00:00 ContainerStream:     ~~~~~~~~~~~~~~~~~~~~~~~~~~~^^
2026-06-16T13:22:45.1397053+00:00 ContainerStream:   File "/usr/local/lib/python3.14/site-packages/passlib/utils/handlers.py", line 2254, in _stub_requires_backend
2026-06-16T13:22:45.1397069+00:00 ContainerStream:     cls.set_backend()
2026-06-16T13:22:45.1397083+00:00 ContainerStream:     ~~~~~~~~~~~~~~~^^
2026-06-16T13:22:45.1397102+00:00 ContainerStream:   File "/usr/local/lib/python3.14/site-packages/passlib/utils/handlers.py", line 2156, in set_backend
2026-06-16T13:22:45.1397118+00:00 ContainerStream:     return owner.set_backend(name, dryrun=dryrun)
2026-06-16T13:22:45.1397134+00:00 ContainerStream:            ~~~~~~~~~~~~~~~~~^^^^^^^^^^^^^^^^^^^^^
2026-06-16T13:22:45.1397152+00:00 ContainerStream:   File "/usr/local/lib/python3.14/site-packages/passlib/utils/handlers.py", line 2163, in set_backend
2026-06-16T13:22:45.1397168+00:00 ContainerStream:     return cls.set_backend(name, dryrun=dryrun)
2026-06-16T13:22:45.1397183+00:00 ContainerStream:            ~~~~~~~~~~~~~~~^^^^^^^^^^^^^^^^^^^^^
2026-06-16T13:22:45.1397201+00:00 ContainerStream:   File "/usr/local/lib/python3.14/site-packages/passlib/utils/handlers.py", line 2188, in set_backend
2026-06-16T13:22:45.1397233+00:00 ContainerStream:     cls._set_backend(name, dryrun)
2026-06-16T13:22:45.1397248+00:00 ContainerStream:     ~~~~~~~~~~~~~~~~^^^^^^^^^^^^^^
2026-06-16T13:22:45.1397266+00:00 ContainerStream:   File "/usr/local/lib/python3.14/site-packages/passlib/utils/handlers.py", line 2311, in _set_backend
2026-06-16T13:22:45.1397283+00:00 ContainerStream:     super(SubclassBackendMixin, cls)._set_backend(name, dryrun)
2026-06-16T13:22:45.1397299+00:00 ContainerStream:     ~~~~~~~~~~~~~~~~~~~~~~~~~~~~~~~~~~~~~~~~~~~~~^^^^^^^^^^^^^^
2026-06-16T13:22:45.1397610+00:00 ContainerStream:   File "/usr/local/lib/python3.14/site-packages/passlib/utils/handlers.py", line 2224, in _set_backend
2026-06-16T13:22:45.1397629+00:00 ContainerStream:     ok = loader(**kwds)
2026-06-16T13:22:45.1397648+00:00 ContainerStream:   File "/usr/local/lib/python3.14/site-packages/passlib/handlers/bcrypt.py", line 626, in _load_backend_mixin
2026-06-16T13:22:45.1397665+00:00 ContainerStream:     return mixin_cls._finalize_backend_mixin(name, dryrun)
2026-06-16T13:22:45.1397681+00:00 ContainerStream:            ~~~~~~~~~~~~~~~~~~~~~~~~~~~~~~~~~^^^^^^^^^^^^^^
2026-06-16T13:22:45.1397719+00:00 ContainerStream:   File "/usr/local/lib/python3.14/site-packages/passlib/handlers/bcrypt.py", line 421, in _finalize_backend_mixin
2026-06-16T13:22:45.1397736+00:00 ContainerStream:     if detect_wrap_bug(IDENT_2A):
2026-06-16T13:22:45.1397751+00:00 ContainerStream:        ~~~~~~~~~~~~~~~^^^^^^^^^^
2026-06-16T13:22:45.1397769+00:00 ContainerStream:   File "/usr/local/lib/python3.14/site-packages/passlib/handlers/bcrypt.py", line 380, in detect_wrap_bug
2026-06-16T13:22:45.1397785+00:00 ContainerStream:     if verify(secret, bug_hash):
2026-06-16T13:22:45.2198492+00:00 ContainerStream:        ~~~~~~^^^^^^^^^^^^^^^^^^
2026-06-16T13:22:45.2198721+00:00 ContainerStream:   File "/usr/local/lib/python3.14/site-packages/passlib/utils/handlers.py", line 792, in verify
2026-06-16T13:22:45.2198746+00:00 ContainerStream:     return consteq(self._calc_checksum(secret), chk)
2026-06-16T13:22:45.2198766+00:00 ContainerStream:                    ~~~~~~~~~~~~~~~~~~~^^^^^^^^
2026-06-16T13:22:45.2198786+00:00 ContainerStream:   File "/usr/local/lib/python3.14/site-packages/passlib/handlers/bcrypt.py", line 655, in _calc_checksum
2026-06-16T13:22:45.2198802+00:00 ContainerStream:     hash = _bcrypt.hashpw(secret, config)
2026-06-16T13:22:45.2198887+00:00 ContainerStream: ValueError: password cannot be longer than 72 bytes, truncate manually if necessary (e.g. my_password[:72])
2026-06-16T13:23:11.9120964+00:00 ContainerStatus: Container pull image interrupted. Revert by terminate.
2026-06-16T13:23:11.9130882+00:00 ContainerStatus: Container is terminating. Grace period: 5 seconds.
2026-06-16T13:23:11.9326928+00:00 ContainerStatus: Container spec TerminationMessagePolicy  path 
2026-06-16T13:23:11.9533633+00:00 ContainerStatus: Container is terminated. Total time elapsed: 21 ms.
2026-06-16T13:23:11.9538633+00:00 ContainerStatus: Site container: pmtrucs-internal-new terminated during site startup.
2026-06-16T13:23:12.1116929+00:00 ContainerStatus: State: Stopping, Action: CancellingStartup, LastError: , LastErrorTimestamp: 01/01/0001 00:00:00, LastErrorDetails: , Details: Site container: pmtrucs-internal-new terminated during site startup. Cancelling site startup., DetailsLevel: ERR
2026-06-16T13:23:12.1642297+00:00 ContainerStatus: State: Stopping, Action: CancellingStartup, LastError: SiteStartupCancelled, LastErrorTimestamp: 06/16/2026 13:23:12, LastErrorDetails: , Details: Site container: pmtrucs-internal-new terminated during site startup. Cancelling site startup., DetailsLevel: WARN
2026-06-16T13:23:12.5256108+00:00 ContainerStatus: State: Stopping, Action: StoppingSite, LastError: SiteStartupCancelled, LastErrorTimestamp: 06/16/2026 13:23:12, LastErrorDetails: , Details: Site container: pmtrucs-internal-new terminated during site startup. Cancelling site startup., DetailsLevel: WARN
2026-06-16T13:23:12.5550111+00:00 ContainerStatus: State: Stopping, Action: StoppingSiteContainers, LastError: SiteStartupCancelled, LastErrorTimestamp: 06/16/2026 13:23:12, LastErrorDetails: , Details: Site container: pmtrucs-internal-new terminated during site startup. Cancelling site startup., DetailsLevel: WARN
2026-06-16T13:23:12.5552801+00:00 ContainerStatus: Site: pmtrucs-internal-new stopped.
========== New Cold Start Attempt (2026-06-16T13:24:58.6451503+00:00) ==========
2026-06-16T13:24:58.6451503+00:00 ContainerStream: [2026-06-16 13:24:58 +0000] [8] [ERROR] Exception in ASGI application
2026-06-16T13:24:58.6452149+00:00 ContainerStream: Traceback (most recent call last):
2026-06-16T13:24:58.6452182+00:00 ContainerStream:   File "/usr/local/lib/python3.14/site-packages/uvicorn/protocols/http/httptools_impl.py", line 421, in run_asgi
2026-06-16T13:24:58.6452203+00:00 ContainerStream:     result = await app(  # type: ignore[func-returns-value]
2026-06-16T13:24:58.6452221+00:00 ContainerStream:              ^^^^^^^^^^^^^^^^^^^^^^^^^^^^^^^^^^^^^^^^^^^^^^
2026-06-16T13:24:58.6452261+00:00 ContainerStream:         self.scope, self.receive, self.send
2026-06-16T13:24:58.6452280+00:00 ContainerStream:         ^^^^^^^^^^^^^^^^^^^^^^^^^^^^^^^^^^^
2026-06-16T13:24:58.6452296+00:00 ContainerStream:     )
2026-06-16T13:24:58.6452312+00:00 ContainerStream:     ^
2026-06-16T13:24:58.6452335+00:00 ContainerStream:   File "/usr/local/lib/python3.14/site-packages/uvicorn/middleware/proxy_headers.py", line 62, in __call__
2026-06-16T13:24:58.6452353+00:00 ContainerStream:     return await self.app(scope, receive, send)
2026-06-16T13:24:58.6452398+00:00 ContainerStream:            ^^^^^^^^^^^^^^^^^^^^^^^^^^^^^^^^^^^^
2026-06-16T13:24:58.6452418+00:00 ContainerStream:   File "/usr/local/lib/python3.14/site-packages/fastapi/applications.py", line 1162, in __call__
2026-06-16T13:24:58.6452436+00:00 ContainerStream:     await super().__call__(scope, receive, send)
2026-06-16T13:24:58.6452455+00:00 ContainerStream:   File "/usr/local/lib/python3.14/site-packages/starlette/applications.py", line 90, in __call__
2026-06-16T13:24:58.6452473+00:00 ContainerStream:     await self.middleware_stack(scope, receive, send)
2026-06-16T13:24:58.6452492+00:00 ContainerStream:   File "/usr/local/lib/python3.14/site-packages/starlette/middleware/errors.py", line 186, in __call__
2026-06-16T13:24:58.6452512+00:00 ContainerStream:     raise exc
2026-06-16T13:24:58.6452531+00:00 ContainerStream:   File "/usr/local/lib/python3.14/site-packages/starlette/middleware/errors.py", line 164, in __call__
2026-06-16T13:24:58.6452548+00:00 ContainerStream:     await self.app(scope, receive, _send)
2026-06-16T13:24:58.6452587+00:00 ContainerStream:   File "/usr/local/lib/python3.14/site-packages/starlette/middleware/cors.py", line 96, in __call__
2026-06-16T13:24:58.6452607+00:00 ContainerStream:     await self.simple_response(scope, receive, send, request_headers=headers)
2026-06-16T13:24:58.6452628+00:00 ContainerStream:   File "/usr/local/lib/python3.14/site-packages/starlette/middleware/cors.py", line 154, in simple_response
2026-06-16T13:24:58.6452644+00:00 ContainerStream:     await self.app(scope, receive, send)
2026-06-16T13:24:58.6452664+00:00 ContainerStream:   File "/usr/local/lib/python3.14/site-packages/starlette/middleware/exceptions.py", line 63, in __call__
2026-06-16T13:24:58.6452682+00:00 ContainerStream:     await wrap_app_handling_exceptions(self.app, conn)(scope, receive, send)
2026-06-16T13:24:58.6452702+00:00 ContainerStream:   File "/usr/local/lib/python3.14/site-packages/starlette/_exception_handler.py", line 53, in wrapped_app
2026-06-16T13:24:58.6452718+00:00 ContainerStream:     raise exc
2026-06-16T13:24:58.6462694+00:00 ContainerStream:   File "/usr/local/lib/python3.14/site-packages/starlette/_exception_handler.py", line 42, in wrapped_app
2026-06-16T13:24:58.6462822+00:00 ContainerStream:     await app(scope, receive, sender)
2026-06-16T13:24:58.6462870+00:00 ContainerStream:   File "/usr/local/lib/python3.14/site-packages/fastapi/middleware/asyncexitstack.py", line 18, in __call__
2026-06-16T13:24:58.6462889+00:00 ContainerStream:     await self.app(scope, receive, send)
2026-06-16T13:24:58.6462909+00:00 ContainerStream:   File "/usr/local/lib/python3.14/site-packages/starlette/routing.py", line 660, in __call__
2026-06-16T13:24:58.6462926+00:00 ContainerStream:     await self.middleware_stack(scope, receive, send)
2026-06-16T13:24:58.6462946+00:00 ContainerStream:   File "/usr/local/lib/python3.14/site-packages/starlette/routing.py", line 680, in app
2026-06-16T13:24:58.6462963+00:00 ContainerStream:     await route.handle(scope, receive, send)
2026-06-16T13:24:58.6462981+00:00 ContainerStream:   File "/usr/local/lib/python3.14/site-packages/fastapi/routing.py", line 1609, in handle
2026-06-16T13:24:58.6463000+00:00 ContainerStream:     await self.original_router.handle(scope, receive, send)
2026-06-16T13:24:58.6463018+00:00 ContainerStream:   File "/usr/local/lib/python3.14/site-packages/fastapi/routing.py", line 2047, in handle
2026-06-16T13:24:58.6463036+00:00 ContainerStream:     await included_router._handle_selected(scope, receive, send)
2026-06-16T13:24:58.6463075+00:00 ContainerStream:   File "/usr/local/lib/python3.14/site-packages/fastapi/routing.py", line 1629, in _handle_selected
2026-06-16T13:24:58.6463105+00:00 ContainerStream:     await original_route.handle(scope, receive, send)
2026-06-16T13:24:58.6463124+00:00 ContainerStream:   File "/usr/local/lib/python3.14/site-packages/fastapi/routing.py", line 1218, in handle
2026-06-16T13:24:58.6463141+00:00 ContainerStream:     await app(scope, receive, send)
2026-06-16T13:24:58.6463160+00:00 ContainerStream:   File "/usr/local/lib/python3.14/site-packages/fastapi/routing.py", line 143, in app
2026-06-16T13:24:58.6463179+00:00 ContainerStream:     await wrap_app_handling_exceptions(app, request)(scope, receive, send)
2026-06-16T13:24:58.6463199+00:00 ContainerStream:   File "/usr/local/lib/python3.14/site-packages/starlette/_exception_handler.py", line 53, in wrapped_app
2026-06-16T13:24:58.6463215+00:00 ContainerStream:     raise exc
2026-06-16T13:24:58.6463234+00:00 ContainerStream:   File "/usr/local/lib/python3.14/site-packages/starlette/_exception_handler.py", line 42, in wrapped_app
2026-06-16T13:24:58.6463251+00:00 ContainerStream:     await app(scope, receive, sender)
2026-06-16T13:24:58.6463289+00:00 ContainerStream:   File "/usr/local/lib/python3.14/site-packages/fastapi/routing.py", line 129, in app
2026-06-16T13:24:58.6463309+00:00 ContainerStream:     response = await f(request)
2026-06-16T13:24:58.6463326+00:00 ContainerStream:                ^^^^^^^^^^^^^^^^
2026-06-16T13:24:58.6463344+00:00 ContainerStream:   File "/usr/local/lib/python3.14/site-packages/fastapi/routing.py", line 683, in app
2026-06-16T13:24:58.6463362+00:00 ContainerStream:     raw_response = await run_endpoint_function(
2026-06-16T13:24:58.6463462+00:00 ContainerStream:                    ^^^^^^^^^^^^^^^^^^^^^^^^^^^^
2026-06-16T13:24:58.6463484+00:00 ContainerStream:     ...<3 lines>...
2026-06-16T13:24:58.6463500+00:00 ContainerStream:     )
2026-06-16T13:24:58.6463516+00:00 ContainerStream:     ^
2026-06-16T13:24:58.6463536+00:00 ContainerStream:   File "/usr/local/lib/python3.14/site-packages/fastapi/routing.py", line 337, in run_endpoint_function
2026-06-16T13:24:58.6463553+00:00 ContainerStream:     return await dependant.call(**values)
2026-06-16T13:24:58.6463599+00:00 ContainerStream:            ^^^^^^^^^^^^^^^^^^^^^^^^^^^^^^
2026-06-16T13:24:58.6463620+00:00 ContainerStream:   File "/app/app/routers/auth.py", line 26, in login
2026-06-16T13:24:58.6463895+00:00 ContainerStream:     if not user or not verify_password(form_data.password, user.hashed_password):
2026-06-16T13:24:58.6463924+00:00 ContainerStream:                        ~~~~~~~~~~~~~~~^^^^^^^^^^^^^^^^^^^^^^^^^^^^^^^^^^^^^^^^^^
2026-06-16T13:24:58.6463943+00:00 ContainerStream:   File "/app/app/core/security.py", line 53, in verify_password
2026-06-16T13:24:58.6463961+00:00 ContainerStream:     return pwd_context.verify(plain_password, hashed_password)
2026-06-16T13:24:58.6463979+00:00 ContainerStream:            ~~~~~~~~~~~~~~~~~~^^^^^^^^^^^^^^^^^^^^^^^^^^^^^^^^^
2026-06-16T13:24:58.6463998+00:00 ContainerStream:   File "/usr/local/lib/python3.14/site-packages/passlib/context.py", line 2347, in verify
2026-06-16T13:24:58.6464015+00:00 ContainerStream:     return record.verify(secret, hash, **kwds)
2026-06-16T13:24:58.6464054+00:00 ContainerStream:            ~~~~~~~~~~~~~^^^^^^^^^^^^^^^^^^^^^^
2026-06-16T13:24:58.6464075+00:00 ContainerStream:   File "/usr/local/lib/python3.14/site-packages/passlib/utils/handlers.py", line 792, in verify
2026-06-16T13:24:58.6464092+00:00 ContainerStream:     return consteq(self._calc_checksum(secret), chk)
2026-06-16T13:24:58.6464112+00:00 ContainerStream:                    ~~~~~~~~~~~~~~~~~~~^^^^^^^^
2026-06-16T13:24:58.6464131+00:00 ContainerStream:   File "/usr/local/lib/python3.14/site-packages/passlib/handlers/bcrypt.py", line 591, in _calc_checksum
2026-06-16T13:24:58.6464147+00:00 ContainerStream:     self._stub_requires_backend()
2026-06-16T13:24:58.6464164+00:00 ContainerStream:     ~~~~~~~~~~~~~~~~~~~~~~~~~~~^^
2026-06-16T13:24:58.6464184+00:00 ContainerStream:   File "/usr/local/lib/python3.14/site-packages/passlib/utils/handlers.py", line 2254, in _stub_requires_backend
2026-06-16T13:24:58.6464200+00:00 ContainerStream:     cls.set_backend()
2026-06-16T13:24:58.6464216+00:00 ContainerStream:     ~~~~~~~~~~~~~~~^^
2026-06-16T13:24:58.6464258+00:00 ContainerStream:   File "/usr/local/lib/python3.14/site-packages/passlib/utils/handlers.py", line 2156, in set_backend
2026-06-16T13:24:58.6464277+00:00 ContainerStream:     return owner.set_backend(name, dryrun=dryrun)
2026-06-16T13:24:58.6464293+00:00 ContainerStream:            ~~~~~~~~~~~~~~~~~^^^^^^^^^^^^^^^^^^^^^
2026-06-16T13:24:58.6464312+00:00 ContainerStream:   File "/usr/local/lib/python3.14/site-packages/passlib/utils/handlers.py", line 2163, in set_backend
2026-06-16T13:24:58.6464330+00:00 ContainerStream:     return cls.set_backend(name, dryrun=dryrun)
2026-06-16T13:24:58.6464346+00:00 ContainerStream:            ~~~~~~~~~~~~~~~^^^^^^^^^^^^^^^^^^^^^
2026-06-16T13:24:58.6464365+00:00 ContainerStream:   File "/usr/local/lib/python3.14/site-packages/passlib/utils/handlers.py", line 2188, in set_backend
2026-06-16T13:24:58.6464382+00:00 ContainerStream:     cls._set_backend(name, dryrun)
2026-06-16T13:24:58.6464397+00:00 ContainerStream:     ~~~~~~~~~~~~~~~~^^^^^^^^^^^^^^
2026-06-16T13:24:58.6464417+00:00 ContainerStream:   File "/usr/local/lib/python3.14/site-packages/passlib/utils/handlers.py", line 2311, in _set_backend
2026-06-16T13:24:58.6464455+00:00 ContainerStream:     super(SubclassBackendMixin, cls)._set_backend(name, dryrun)
2026-06-16T13:24:58.6464474+00:00 ContainerStream:     ~~~~~~~~~~~~~~~~~~~~~~~~~~~~~~~~~~~~~~~~~~~~~^^^^^^^^^^^^^^
2026-06-16T13:24:58.6464494+00:00 ContainerStream:   File "/usr/local/lib/python3.14/site-packages/passlib/utils/handlers.py", line 2224, in _set_backend
2026-06-16T13:24:58.6464513+00:00 ContainerStream:     ok = loader(**kwds)
2026-06-16T13:24:58.6464533+00:00 ContainerStream:   File "/usr/local/lib/python3.14/site-packages/passlib/handlers/bcrypt.py", line 626, in _load_backend_mixin
2026-06-16T13:24:58.6464550+00:00 ContainerStream:     return mixin_cls._finalize_backend_mixin(name, dryrun)
2026-06-16T13:24:58.6464567+00:00 ContainerStream:            ~~~~~~~~~~~~~~~~~~~~~~~~~~~~~~~~~^^^^^^^^^^^^^^
2026-06-16T13:24:58.6464586+00:00 ContainerStream:   File "/usr/local/lib/python3.14/site-packages/passlib/handlers/bcrypt.py", line 421, in _finalize_backend_mixin
2026-06-16T13:24:58.6464624+00:00 ContainerStream:     if detect_wrap_bug(IDENT_2A):
2026-06-16T13:24:58.6464642+00:00 ContainerStream:        ~~~~~~~~~~~~~~~^^^^^^^^^^
2026-06-16T13:24:58.6464662+00:00 ContainerStream:   File "/usr/local/lib/python3.14/site-packages/passlib/handlers/bcrypt.py", line 380, in detect_wrap_bug
2026-06-16T13:24:58.6464678+00:00 ContainerStream:     if verify(secret, bug_hash):
2026-06-16T13:24:58.6464695+00:00 ContainerStream:        ~~~~~~^^^^^^^^^^^^^^^^^^
2026-06-16T13:24:58.6464714+00:00 ContainerStream:   File "/usr/local/lib/python3.14/site-packages/passlib/utils/handlers.py", line 792, in verify
2026-06-16T13:24:58.6464731+00:00 ContainerStream:     return consteq(self._calc_checksum(secret), chk)
2026-06-16T13:24:58.6464748+00:00 ContainerStream:                    ~~~~~~~~~~~~~~~~~~~^^^^^^^^
2026-06-16T13:24:58.6464767+00:00 ContainerStream:   File "/usr/local/lib/python3.14/site-packages/passlib/handlers/bcrypt.py", line 655, in _calc_checksum
2026-06-16T13:24:58.6464784+00:00 ContainerStream:     hash = _bcrypt.hashpw(secret, config)
2026-06-16T13:24:58.6464823+00:00 ContainerStream: ValueError: password cannot be longer than 72 bytes, truncate manually if necessary (e.g. my_password[:72])
2026-06-16T13:25:09.6816874+00:00 ContainerStream: [2026-06-16 13:25:09 +0000] [8] [ERROR] Exception in ASGI application
2026-06-16T13:25:09.6817395+00:00 ContainerStream: Traceback (most recent call last):
2026-06-16T13:25:09.6817423+00:00 ContainerStream:   File "/usr/local/lib/python3.14/site-packages/uvicorn/protocols/http/httptools_impl.py", line 421, in run_asgi
2026-06-16T13:25:09.6817441+00:00 ContainerStream:     result = await app(  # type: ignore[func-returns-value]
2026-06-16T13:25:09.6817458+00:00 ContainerStream:              ^^^^^^^^^^^^^^^^^^^^^^^^^^^^^^^^^^^^^^^^^^^^^^
2026-06-16T13:25:09.6817474+00:00 ContainerStream:         self.scope, self.receive, self.send
2026-06-16T13:25:09.6817490+00:00 ContainerStream:         ^^^^^^^^^^^^^^^^^^^^^^^^^^^^^^^^^^^
2026-06-16T13:25:09.6817505+00:00 ContainerStream:     )
2026-06-16T13:25:09.6817519+00:00 ContainerStream:     ^
2026-06-16T13:25:09.6817537+00:00 ContainerStream:   File "/usr/local/lib/python3.14/site-packages/uvicorn/middleware/proxy_headers.py", line 62, in __call__
2026-06-16T13:25:09.6817553+00:00 ContainerStream:     return await self.app(scope, receive, send)
2026-06-16T13:25:09.6817592+00:00 ContainerStream:            ^^^^^^^^^^^^^^^^^^^^^^^^^^^^^^^^^^^^
2026-06-16T13:25:09.6817610+00:00 ContainerStream:   File "/usr/local/lib/python3.14/site-packages/fastapi/applications.py", line 1162, in __call__
2026-06-16T13:25:09.6817626+00:00 ContainerStream:     await super().__call__(scope, receive, send)
2026-06-16T13:25:09.6817644+00:00 ContainerStream:   File "/usr/local/lib/python3.14/site-packages/starlette/applications.py", line 90, in __call__
2026-06-16T13:25:09.6817661+00:00 ContainerStream:     await self.middleware_stack(scope, receive, send)
2026-06-16T13:25:09.6817680+00:00 ContainerStream:   File "/usr/local/lib/python3.14/site-packages/starlette/middleware/errors.py", line 186, in __call__
2026-06-16T13:25:09.6817694+00:00 ContainerStream:     raise exc
2026-06-16T13:25:09.6817712+00:00 ContainerStream:   File "/usr/local/lib/python3.14/site-packages/starlette/middleware/errors.py", line 164, in __call__
2026-06-16T13:25:09.6817727+00:00 ContainerStream:     await self.app(scope, receive, _send)
2026-06-16T13:25:09.6817745+00:00 ContainerStream:   File "/usr/local/lib/python3.14/site-packages/starlette/middleware/cors.py", line 96, in __call__
2026-06-16T13:25:09.6817783+00:00 ContainerStream:     await self.simple_response(scope, receive, send, request_headers=headers)
2026-06-16T13:25:09.6817804+00:00 ContainerStream:   File "/usr/local/lib/python3.14/site-packages/starlette/middleware/cors.py", line 154, in simple_response
2026-06-16T13:25:09.6817820+00:00 ContainerStream:     await self.app(scope, receive, send)
2026-06-16T13:25:09.6817838+00:00 ContainerStream:   File "/usr/local/lib/python3.14/site-packages/starlette/middleware/exceptions.py", line 63, in __call__
2026-06-16T13:25:09.6817854+00:00 ContainerStream:     await wrap_app_handling_exceptions(self.app, conn)(scope, receive, send)
2026-06-16T13:25:09.6817872+00:00 ContainerStream:   File "/usr/local/lib/python3.14/site-packages/starlette/_exception_handler.py", line 53, in wrapped_app
2026-06-16T13:25:09.6817886+00:00 ContainerStream:     raise exc
2026-06-16T13:25:09.6817904+00:00 ContainerStream:   File "/usr/local/lib/python3.14/site-packages/starlette/_exception_handler.py", line 42, in wrapped_app
2026-06-16T13:25:09.6817919+00:00 ContainerStream:     await app(scope, receive, sender)
2026-06-16T13:25:09.6817937+00:00 ContainerStream:   File "/usr/local/lib/python3.14/site-packages/fastapi/middleware/asyncexitstack.py", line 18, in __call__
2026-06-16T13:25:09.6817953+00:00 ContainerStream:     await self.app(scope, receive, send)
2026-06-16T13:25:09.6817997+00:00 ContainerStream:   File "/usr/local/lib/python3.14/site-packages/starlette/routing.py", line 660, in __call__
2026-06-16T13:25:09.6818014+00:00 ContainerStream:     await self.middleware_stack(scope, receive, send)
2026-06-16T13:25:09.6818031+00:00 ContainerStream:   File "/usr/local/lib/python3.14/site-packages/starlette/routing.py", line 680, in app
2026-06-16T13:25:09.6818047+00:00 ContainerStream:     await route.handle(scope, receive, send)
2026-06-16T13:25:09.6818063+00:00 ContainerStream:   File "/usr/local/lib/python3.14/site-packages/fastapi/routing.py", line 1609, in handle
2026-06-16T13:25:09.6818079+00:00 ContainerStream:     await self.original_router.handle(scope, receive, send)
2026-06-16T13:25:09.6818098+00:00 ContainerStream:   File "/usr/local/lib/python3.14/site-packages/fastapi/routing.py", line 2047, in handle
2026-06-16T13:25:09.6818115+00:00 ContainerStream:     await included_router._handle_selected(scope, receive, send)
2026-06-16T13:25:09.6818132+00:00 ContainerStream:   File "/usr/local/lib/python3.14/site-packages/fastapi/routing.py", line 1629, in _handle_selected
2026-06-16T13:25:09.6818152+00:00 ContainerStream:     await original_route.handle(scope, receive, send)
2026-06-16T13:25:09.6818193+00:00 ContainerStream:   File "/usr/local/lib/python3.14/site-packages/fastapi/routing.py", line 1218, in handle
2026-06-16T13:25:09.6818209+00:00 ContainerStream:     await app(scope, receive, send)
2026-06-16T13:25:09.6818226+00:00 ContainerStream:   File "/usr/local/lib/python3.14/site-packages/fastapi/routing.py", line 143, in app
2026-06-16T13:25:09.6818243+00:00 ContainerStream:     await wrap_app_handling_exceptions(app, request)(scope, receive, send)
2026-06-16T13:25:09.6818260+00:00 ContainerStream:   File "/usr/local/lib/python3.14/site-packages/starlette/_exception_handler.py", line 53, in wrapped_app
2026-06-16T13:25:09.6818276+00:00 ContainerStream:     raise exc
2026-06-16T13:25:09.6818293+00:00 ContainerStream:   File "/usr/local/lib/python3.14/site-packages/starlette/_exception_handler.py", line 42, in wrapped_app
2026-06-16T13:25:09.6818308+00:00 ContainerStream:     await app(scope, receive, sender)
2026-06-16T13:25:09.6818324+00:00 ContainerStream:   File "/usr/local/lib/python3.14/site-packages/fastapi/routing.py", line 129, in app
2026-06-16T13:25:09.6818339+00:00 ContainerStream:     response = await f(request)
2026-06-16T13:25:09.6818354+00:00 ContainerStream:                ^^^^^^^^^^^^^^^^
2026-06-16T13:25:09.6818391+00:00 ContainerStream:   File "/usr/local/lib/python3.14/site-packages/fastapi/routing.py", line 683, in app
2026-06-16T13:25:09.6818407+00:00 ContainerStream:     raw_response = await run_endpoint_function(
2026-06-16T13:25:09.6818423+00:00 ContainerStream:                    ^^^^^^^^^^^^^^^^^^^^^^^^^^^^
2026-06-16T13:25:09.6818438+00:00 ContainerStream:     ...<3 lines>...
2026-06-16T13:25:09.6818452+00:00 ContainerStream:     )
2026-06-16T13:25:09.6818466+00:00 ContainerStream:     ^
2026-06-16T13:25:09.6818483+00:00 ContainerStream:   File "/usr/local/lib/python3.14/site-packages/fastapi/routing.py", line 337, in run_endpoint_function
2026-06-16T13:25:09.6818498+00:00 ContainerStream:     return await dependant.call(**values)
2026-06-16T13:25:09.6818513+00:00 ContainerStream:            ^^^^^^^^^^^^^^^^^^^^^^^^^^^^^^
2026-06-16T13:25:09.6818529+00:00 ContainerStream:   File "/app/app/routers/auth.py", line 26, in login
2026-06-16T13:25:09.6818824+00:00 ContainerStream:     if not user or not verify_password(form_data.password, user.hashed_password):
2026-06-16T13:25:09.6818846+00:00 ContainerStream:                        ~~~~~~~~~~~~~~~^^^^^^^^^^^^^^^^^^^^^^^^^^^^^^^^^^^^^^^^^^
2026-06-16T13:25:09.6818862+00:00 ContainerStream:   File "/app/app/core/security.py", line 53, in verify_password
2026-06-16T13:25:09.6818879+00:00 ContainerStream:     return pwd_context.verify(plain_password, hashed_password)
2026-06-16T13:25:09.6818895+00:00 ContainerStream:            ~~~~~~~~~~~~~~~~~~^^^^^^^^^^^^^^^^^^^^^^^^^^^^^^^^^
2026-06-16T13:25:09.6818912+00:00 ContainerStream:   File "/usr/local/lib/python3.14/site-packages/passlib/context.py", line 2347, in verify
2026-06-16T13:25:09.6818928+00:00 ContainerStream:     return record.verify(secret, hash, **kwds)
2026-06-16T13:25:09.6818944+00:00 ContainerStream:            ~~~~~~~~~~~~~^^^^^^^^^^^^^^^^^^^^^^
2026-06-16T13:25:09.6818961+00:00 ContainerStream:   File "/usr/local/lib/python3.14/site-packages/passlib/utils/handlers.py", line 792, in verify
2026-06-16T13:25:09.6818978+00:00 ContainerStream:     return consteq(self._calc_checksum(secret), chk)
2026-06-16T13:25:09.6906893+00:00 ContainerStream:                    ~~~~~~~~~~~~~~~~~~~^^^^^^^^
2026-06-16T13:25:09.6907019+00:00 ContainerStream:   File "/usr/local/lib/python3.14/site-packages/passlib/handlers/bcrypt.py", line 591, in _calc_checksum
2026-06-16T13:25:09.6907038+00:00 ContainerStream:     self._stub_requires_backend()
2026-06-16T13:25:09.6907053+00:00 ContainerStream:     ~~~~~~~~~~~~~~~~~~~~~~~~~~~^^
2026-06-16T13:25:09.6907073+00:00 ContainerStream:   File "/usr/local/lib/python3.14/site-packages/passlib/utils/handlers.py", line 2254, in _stub_requires_backend
2026-06-16T13:25:09.6907090+00:00 ContainerStream:     cls.set_backend()
2026-06-16T13:25:09.6907105+00:00 ContainerStream:     ~~~~~~~~~~~~~~~^^
2026-06-16T13:25:09.6907124+00:00 ContainerStream:   File "/usr/local/lib/python3.14/site-packages/passlib/utils/handlers.py", line 2156, in set_backend
2026-06-16T13:25:09.6907140+00:00 ContainerStream:     return owner.set_backend(name, dryrun=dryrun)
2026-06-16T13:25:09.6907156+00:00 ContainerStream:            ~~~~~~~~~~~~~~~~~^^^^^^^^^^^^^^^^^^^^^
2026-06-16T13:25:09.6907176+00:00 ContainerStream:   File "/usr/local/lib/python3.14/site-packages/passlib/utils/handlers.py", line 2163, in set_backend
2026-06-16T13:25:09.6907192+00:00 ContainerStream:     return cls.set_backend(name, dryrun=dryrun)
2026-06-16T13:25:09.6907229+00:00 ContainerStream:            ~~~~~~~~~~~~~~~^^^^^^^^^^^^^^^^^^^^^
2026-06-16T13:25:09.6907249+00:00 ContainerStream:   File "/usr/local/lib/python3.14/site-packages/passlib/utils/handlers.py", line 2188, in set_backend
2026-06-16T13:25:09.6907265+00:00 ContainerStream:     cls._set_backend(name, dryrun)
2026-06-16T13:25:09.6907286+00:00 ContainerStream:     ~~~~~~~~~~~~~~~~^^^^^^^^^^^^^^
2026-06-16T13:25:09.6907304+00:00 ContainerStream:   File "/usr/local/lib/python3.14/site-packages/passlib/utils/handlers.py", line 2311, in _set_backend
2026-06-16T13:25:09.6907321+00:00 ContainerStream:     super(SubclassBackendMixin, cls)._set_backend(name, dryrun)
2026-06-16T13:25:09.6907338+00:00 ContainerStream:     ~~~~~~~~~~~~~~~~~~~~~~~~~~~~~~~~~~~~~~~~~~~~~^^^^^^^^^^^^^^
2026-06-16T13:25:09.6907356+00:00 ContainerStream:   File "/usr/local/lib/python3.14/site-packages/passlib/utils/handlers.py", line 2224, in _set_backend
2026-06-16T13:25:09.6907371+00:00 ContainerStream:     ok = loader(**kwds)
2026-06-16T13:25:09.6907389+00:00 ContainerStream:   File "/usr/local/lib/python3.14/site-packages/passlib/handlers/bcrypt.py", line 626, in _load_backend_mixin
2026-06-16T13:25:09.6907425+00:00 ContainerStream:     return mixin_cls._finalize_backend_mixin(name, dryrun)
2026-06-16T13:25:09.6907443+00:00 ContainerStream:            ~~~~~~~~~~~~~~~~~~~~~~~~~~~~~~~~~^^^^^^^^^^^^^^
2026-06-16T13:25:09.6907461+00:00 ContainerStream:   File "/usr/local/lib/python3.14/site-packages/passlib/handlers/bcrypt.py", line 421, in _finalize_backend_mixin
2026-06-16T13:25:09.6907476+00:00 ContainerStream:     if detect_wrap_bug(IDENT_2A):
2026-06-16T13:25:09.6907492+00:00 ContainerStream:        ~~~~~~~~~~~~~~~^^^^^^^^^^
2026-06-16T13:25:09.6907510+00:00 ContainerStream:   File "/usr/local/lib/python3.14/site-packages/passlib/handlers/bcrypt.py", line 380, in detect_wrap_bug
2026-06-16T13:25:09.6907525+00:00 ContainerStream:     if verify(secret, bug_hash):
2026-06-16T13:25:09.6907542+00:00 ContainerStream:        ~~~~~~^^^^^^^^^^^^^^^^^^
2026-06-16T13:25:09.6907560+00:00 ContainerStream:   File "/usr/local/lib/python3.14/site-packages/passlib/utils/handlers.py", line 792, in verify
2026-06-16T13:25:09.6907577+00:00 ContainerStream:     return consteq(self._calc_checksum(secret), chk)
2026-06-16T13:25:09.6907593+00:00 ContainerStream:                    ~~~~~~~~~~~~~~~~~~~^^^^^^^^
2026-06-16T13:25:09.6907628+00:00 ContainerStream:   File "/usr/local/lib/python3.14/site-packages/passlib/handlers/bcrypt.py", line 655, in _calc_checksum
2026-06-16T13:25:09.6907645+00:00 ContainerStream:     hash = _bcrypt.hashpw(secret, config)
2026-06-16T13:25:09.6907663+00:00 ContainerStream: ValueError: password cannot be longer than 72 bytes, truncate manually if necessary (e.g. my_password[:72])
2026-06-16T13:27:02.6458150+00:00 ContainerStream: [2026-06-16 13:27:02 +0000] [9] [ERROR] Exception in ASGI application
2026-06-16T13:27:02.6458761+00:00 ContainerStream: Traceback (most recent call last):
2026-06-16T13:27:02.6458788+00:00 ContainerStream:   File "/usr/local/lib/python3.14/site-packages/uvicorn/protocols/http/httptools_impl.py", line 421, in run_asgi
2026-06-16T13:27:02.6458807+00:00 ContainerStream:     result = await app(  # type: ignore[func-returns-value]
2026-06-16T13:27:02.6458824+00:00 ContainerStream:              ^^^^^^^^^^^^^^^^^^^^^^^^^^^^^^^^^^^^^^^^^^^^^^
2026-06-16T13:27:02.6458841+00:00 ContainerStream:         self.scope, self.receive, self.send
2026-06-16T13:27:02.6458857+00:00 ContainerStream:         ^^^^^^^^^^^^^^^^^^^^^^^^^^^^^^^^^^^
2026-06-16T13:27:02.6458872+00:00 ContainerStream:     )
2026-06-16T13:27:02.6458886+00:00 ContainerStream:     ^
2026-06-16T13:27:02.6458905+00:00 ContainerStream:   File "/usr/local/lib/python3.14/site-packages/uvicorn/middleware/proxy_headers.py", line 62, in __call__
2026-06-16T13:27:02.6458922+00:00 ContainerStream:     return await self.app(scope, receive, send)
2026-06-16T13:27:02.6458971+00:00 ContainerStream:            ^^^^^^^^^^^^^^^^^^^^^^^^^^^^^^^^^^^^
2026-06-16T13:27:02.6458989+00:00 ContainerStream:   File "/usr/local/lib/python3.14/site-packages/fastapi/applications.py", line 1162, in __call__
2026-06-16T13:27:02.6459007+00:00 ContainerStream:     await super().__call__(scope, receive, send)
2026-06-16T13:27:02.6459024+00:00 ContainerStream:   File "/usr/local/lib/python3.14/site-packages/starlette/applications.py", line 90, in __call__
2026-06-16T13:27:02.6459040+00:00 ContainerStream:     await self.middleware_stack(scope, receive, send)
2026-06-16T13:27:02.6459058+00:00 ContainerStream:   File "/usr/local/lib/python3.14/site-packages/starlette/middleware/errors.py", line 186, in __call__
2026-06-16T13:27:02.6459074+00:00 ContainerStream:     raise exc
2026-06-16T13:27:02.6459092+00:00 ContainerStream:   File "/usr/local/lib/python3.14/site-packages/starlette/middleware/errors.py", line 164, in __call__
2026-06-16T13:27:02.6459108+00:00 ContainerStream:     await self.app(scope, receive, _send)
2026-06-16T13:27:02.6459126+00:00 ContainerStream:   File "/usr/local/lib/python3.14/site-packages/starlette/middleware/cors.py", line 96, in __call__
2026-06-16T13:27:02.6459166+00:00 ContainerStream:     await self.simple_response(scope, receive, send, request_headers=headers)
2026-06-16T13:27:02.6459186+00:00 ContainerStream:   File "/usr/local/lib/python3.14/site-packages/starlette/middleware/cors.py", line 154, in simple_response
2026-06-16T13:27:02.6459202+00:00 ContainerStream:     await self.app(scope, receive, send)
2026-06-16T13:27:02.6459220+00:00 ContainerStream:   File "/usr/local/lib/python3.14/site-packages/starlette/middleware/exceptions.py", line 63, in __call__
2026-06-16T13:27:02.6459238+00:00 ContainerStream:     await wrap_app_handling_exceptions(self.app, conn)(scope, receive, send)
2026-06-16T13:27:02.6459255+00:00 ContainerStream:   File "/usr/local/lib/python3.14/site-packages/starlette/_exception_handler.py", line 53, in wrapped_app
2026-06-16T13:27:02.6459270+00:00 ContainerStream:     raise exc
2026-06-16T13:27:02.6459288+00:00 ContainerStream:   File "/usr/local/lib/python3.14/site-packages/starlette/_exception_handler.py", line 42, in wrapped_app
2026-06-16T13:27:02.6459304+00:00 ContainerStream:     await app(scope, receive, sender)
2026-06-16T13:27:02.6459322+00:00 ContainerStream:   File "/usr/local/lib/python3.14/site-packages/fastapi/middleware/asyncexitstack.py", line 18, in __call__
2026-06-16T13:27:02.6459338+00:00 ContainerStream:     await self.app(scope, receive, send)
2026-06-16T13:27:02.6459385+00:00 ContainerStream:   File "/usr/local/lib/python3.14/site-packages/starlette/routing.py", line 660, in __call__
2026-06-16T13:27:02.6459402+00:00 ContainerStream:     await self.middleware_stack(scope, receive, send)
2026-06-16T13:27:02.6459421+00:00 ContainerStream:   File "/usr/local/lib/python3.14/site-packages/starlette/routing.py", line 680, in app
2026-06-16T13:27:02.6459437+00:00 ContainerStream:     await route.handle(scope, receive, send)
2026-06-16T13:27:02.6459455+00:00 ContainerStream:   File "/usr/local/lib/python3.14/site-packages/fastapi/routing.py", line 1609, in handle
2026-06-16T13:27:02.6459472+00:00 ContainerStream:     await self.original_router.handle(scope, receive, send)
2026-06-16T13:27:02.6459489+00:00 ContainerStream:   File "/usr/local/lib/python3.14/site-packages/fastapi/routing.py", line 2047, in handle
2026-06-16T13:27:02.6459506+00:00 ContainerStream:     await included_router._handle_selected(scope, receive, send)
2026-06-16T13:27:02.6459524+00:00 ContainerStream:   File "/usr/local/lib/python3.14/site-packages/fastapi/routing.py", line 1629, in _handle_selected
2026-06-16T13:27:02.6459540+00:00 ContainerStream:     await original_route.handle(scope, receive, send)
2026-06-16T13:27:02.6459575+00:00 ContainerStream:   File "/usr/local/lib/python3.14/site-packages/fastapi/routing.py", line 1218, in handle
2026-06-16T13:27:02.6459592+00:00 ContainerStream:     await app(scope, receive, send)
2026-06-16T13:27:02.6459610+00:00 ContainerStream:   File "/usr/local/lib/python3.14/site-packages/fastapi/routing.py", line 143, in app
2026-06-16T13:27:02.6459627+00:00 ContainerStream:     await wrap_app_handling_exceptions(app, request)(scope, receive, send)
2026-06-16T13:27:02.6459645+00:00 ContainerStream:   File "/usr/local/lib/python3.14/site-packages/starlette/_exception_handler.py", line 53, in wrapped_app
2026-06-16T13:27:02.6459660+00:00 ContainerStream:     raise exc
2026-06-16T13:27:02.6459678+00:00 ContainerStream:   File "/usr/local/lib/python3.14/site-packages/starlette/_exception_handler.py", line 42, in wrapped_app
2026-06-16T13:27:02.6459693+00:00 ContainerStream:     await app(scope, receive, sender)
2026-06-16T13:27:02.6459710+00:00 ContainerStream:   File "/usr/local/lib/python3.14/site-packages/fastapi/routing.py", line 129, in app
2026-06-16T13:27:02.6459726+00:00 ContainerStream:     response = await f(request)
2026-06-16T13:27:02.6459741+00:00 ContainerStream:                ^^^^^^^^^^^^^^^^
2026-06-16T13:27:02.6459889+00:00 ContainerStream:   File "/usr/local/lib/python3.14/site-packages/fastapi/routing.py", line 683, in app
2026-06-16T13:27:02.6459907+00:00 ContainerStream:     raw_response = await run_endpoint_function(
2026-06-16T13:27:02.6459923+00:00 ContainerStream:                    ^^^^^^^^^^^^^^^^^^^^^^^^^^^^
2026-06-16T13:27:02.6459938+00:00 ContainerStream:     ...<3 lines>...
2026-06-16T13:27:02.6459953+00:00 ContainerStream:     )
2026-06-16T13:27:02.6459968+00:00 ContainerStream:     ^
2026-06-16T13:27:02.6459986+00:00 ContainerStream:   File "/usr/local/lib/python3.14/site-packages/fastapi/routing.py", line 337, in run_endpoint_function
2026-06-16T13:27:02.6460003+00:00 ContainerStream:     return await dependant.call(**values)
2026-06-16T13:27:02.6460018+00:00 ContainerStream:            ^^^^^^^^^^^^^^^^^^^^^^^^^^^^^^
2026-06-16T13:27:02.6460035+00:00 ContainerStream:   File "/app/app/routers/auth.py", line 26, in login
2026-06-16T13:27:02.6460393+00:00 ContainerStream:     if not user or not verify_password(form_data.password, user.hashed_password):
2026-06-16T13:27:02.6460415+00:00 ContainerStream:                        ~~~~~~~~~~~~~~~^^^^^^^^^^^^^^^^^^^^^^^^^^^^^^^^^^^^^^^^^^
2026-06-16T13:27:02.6460433+00:00 ContainerStream:   File "/app/app/core/security.py", line 53, in verify_password
2026-06-16T13:27:02.6460450+00:00 ContainerStream:     return pwd_context.verify(plain_password, hashed_password)
2026-06-16T13:27:02.6460467+00:00 ContainerStream:            ~~~~~~~~~~~~~~~~~~^^^^^^^^^^^^^^^^^^^^^^^^^^^^^^^^^
2026-06-16T13:27:02.6460485+00:00 ContainerStream:   File "/usr/local/lib/python3.14/site-packages/passlib/context.py", line 2347, in verify
2026-06-16T13:27:02.6460501+00:00 ContainerStream:     return record.verify(secret, hash, **kwds)
2026-06-16T13:27:02.6460517+00:00 ContainerStream:            ~~~~~~~~~~~~~^^^^^^^^^^^^^^^^^^^^^^
2026-06-16T13:27:02.6460534+00:00 ContainerStream:   File "/usr/local/lib/python3.14/site-packages/passlib/utils/handlers.py", line 792, in verify
2026-06-16T13:27:02.6460550+00:00 ContainerStream:     return consteq(self._calc_checksum(secret), chk)
2026-06-16T13:27:02.6460567+00:00 ContainerStream:                    ~~~~~~~~~~~~~~~~~~~^^^^^^^^
2026-06-16T13:27:02.6460606+00:00 ContainerStream:   File "/usr/local/lib/python3.14/site-packages/passlib/handlers/bcrypt.py", line 591, in _calc_checksum
2026-06-16T13:27:02.6460623+00:00 ContainerStream:     self._stub_requires_backend()
2026-06-16T13:27:02.6460639+00:00 ContainerStream:     ~~~~~~~~~~~~~~~~~~~~~~~~~~~^^
2026-06-16T13:27:02.6460657+00:00 ContainerStream:   File "/usr/local/lib/python3.14/site-packages/passlib/utils/handlers.py", line 2254, in _stub_requires_backend
2026-06-16T13:27:02.6460672+00:00 ContainerStream:     cls.set_backend()
2026-06-16T13:27:02.6460757+00:00 ContainerStream:     ~~~~~~~~~~~~~~~^^
2026-06-16T13:27:02.6460775+00:00 ContainerStream:   File "/usr/local/lib/python3.14/site-packages/passlib/utils/handlers.py", line 2156, in set_backend
2026-06-16T13:27:02.6460792+00:00 ContainerStream:     return owner.set_backend(name, dryrun=dryrun)
2026-06-16T13:27:02.6460809+00:00 ContainerStream:            ~~~~~~~~~~~~~~~~~^^^^^^^^^^^^^^^^^^^^^
2026-06-16T13:27:02.6460826+00:00 ContainerStream:   File "/usr/local/lib/python3.14/site-packages/passlib/utils/handlers.py", line 2163, in set_backend
2026-06-16T13:27:02.6460842+00:00 ContainerStream:     return cls.set_backend(name, dryrun=dryrun)
2026-06-16T13:27:02.6460878+00:00 ContainerStream:            ~~~~~~~~~~~~~~~^^^^^^^^^^^^^^^^^^^^^
2026-06-16T13:27:02.6460896+00:00 ContainerStream:   File "/usr/local/lib/python3.14/site-packages/passlib/utils/handlers.py", line 2188, in set_backend
2026-06-16T13:27:02.6460912+00:00 ContainerStream:     cls._set_backend(name, dryrun)
2026-06-16T13:27:02.6460927+00:00 ContainerStream:     ~~~~~~~~~~~~~~~~^^^^^^^^^^^^^^
2026-06-16T13:27:02.6460946+00:00 ContainerStream:   File "/usr/local/lib/python3.14/site-packages/passlib/utils/handlers.py", line 2311, in _set_backend
2026-06-16T13:27:02.6460963+00:00 ContainerStream:     super(SubclassBackendMixin, cls)._set_backend(name, dryrun)
2026-06-16T13:27:02.6460980+00:00 ContainerStream:     ~~~~~~~~~~~~~~~~~~~~~~~~~~~~~~~~~~~~~~~~~~~~~^^^^^^^^^^^^^^
2026-06-16T13:27:02.6460997+00:00 ContainerStream:   File "/usr/local/lib/python3.14/site-packages/passlib/utils/handlers.py", line 2224, in _set_backend
2026-06-16T13:27:02.6461012+00:00 ContainerStream:     ok = loader(**kwds)
2026-06-16T13:27:02.6461031+00:00 ContainerStream:   File "/usr/local/lib/python3.14/site-packages/passlib/handlers/bcrypt.py", line 626, in _load_backend_mixin
2026-06-16T13:27:02.6461063+00:00 ContainerStream:     return mixin_cls._finalize_backend_mixin(name, dryrun)
2026-06-16T13:27:02.6461080+00:00 ContainerStream:            ~~~~~~~~~~~~~~~~~~~~~~~~~~~~~~~~~^^^^^^^^^^^^^^
2026-06-16T13:27:02.6461099+00:00 ContainerStream:   File "/usr/local/lib/python3.14/site-packages/passlib/handlers/bcrypt.py", line 421, in _finalize_backend_mixin
2026-06-16T13:27:02.6461115+00:00 ContainerStream:     if detect_wrap_bug(IDENT_2A):
2026-06-16T13:27:02.6461131+00:00 ContainerStream:        ~~~~~~~~~~~~~~~^^^^^^^^^^
2026-06-16T13:27:02.6461149+00:00 ContainerStream:   File "/usr/local/lib/python3.14/site-packages/passlib/handlers/bcrypt.py", line 380, in detect_wrap_bug
2026-06-16T13:27:02.6461164+00:00 ContainerStream:     if verify(secret, bug_hash):
2026-06-16T13:27:02.6461179+00:00 ContainerStream:        ~~~~~~^^^^^^^^^^^^^^^^^^
2026-06-16T13:27:02.6461197+00:00 ContainerStream:   File "/usr/local/lib/python3.14/site-packages/passlib/utils/handlers.py", line 792, in verify
2026-06-16T13:27:02.6461214+00:00 ContainerStream:     return consteq(self._calc_checksum(secret), chk)
2026-06-16T13:27:02.6461229+00:00 ContainerStream:                    ~~~~~~~~~~~~~~~~~~~^^^^^^^^
2026-06-16T13:27:02.6461272+00:00 ContainerStream:   File "/usr/local/lib/python3.14/site-packages/passlib/handlers/bcrypt.py", line 655, in _calc_checksum
2026-06-16T13:27:02.6461288+00:00 ContainerStream:     hash = _bcrypt.hashpw(secret, config)
2026-06-16T13:27:02.6461306+00:00 ContainerStream: ValueError: password cannot be longer than 72 bytes, truncate manually if necessary (e.g. my_password[:72])
2026-06-16T13:29:26.5077855+00:00 ContainerStatus: State: Starting, Action: EstablishingSiteNetworks, LastError: , LastErrorTimestamp: 01/01/0001 00:00:00, LastErrorDetails: , Details: , DetailsLevel: INFO
2026-06-16T13:29:30.0131898+00:00 ContainerStatus: State: Starting, Action: StartingSiteContainers, LastError: , LastErrorTimestamp: 01/01/0001 00:00:00, LastErrorDetails: , Details: , DetailsLevel: INFO
2026-06-16T13:29:30.0206769+00:00 ContainerStatus: Container start method called.
2026-06-16T13:29:30.0219575+00:00 ContainerStatus: State: Starting, Action: PullingImage, LastError: , LastErrorTimestamp: 01/01/0001 00:00:00, LastErrorDetails: , Details: Pulling image projectmanagementtechnrucsinternal.azurecr.io/clientpsm:latest for pmtrucs-internal-new., DetailsLevel: INFO
2026-06-16T13:29:30.0227486+00:00 ContainerStatus: Establishing network.
2026-06-16T13:29:30.0235167+00:00 ContainerStatus: Pulling image: projectmanagementtechnrucsinternal.azurecr.io/clientpsm:latest.
2026-06-16T13:30:01.0703234+00:00 ContainerStatus: Image projectmanagementtechnrucsinternal.azurecr.io/clientpsm:latest is pulled from registry projectmanagementtechnrucsinternal.azurecr.io
2026-06-16T13:30:01.0887767+00:00 ContainerStatus: Container is starting.
2026-06-16T13:30:01.1200565+00:00 ContainerStatus: State: Starting, Action: MountingVolumes, LastError: , LastErrorTimestamp: 01/01/0001 00:00:00, LastErrorDetails: , Details: Mounting volumes for pmtrucs-internal-new., DetailsLevel: INFO
2026-06-16T13:30:01.1209902+00:00 ContainerStatus: Establishing user namespace if not established already.
2026-06-16T13:30:01.1215511+00:00 ContainerStatus: Establishing network if not established already.
2026-06-16T13:30:01.1287443+00:00 ContainerStatus: Mounting volumes.
2026-06-16T13:30:01.1293419+00:00 ContainerStatus: Nested mountpoint 
2026-06-16T13:30:01.2714917+00:00 ContainerStatus: Nested mountpoint volatile/logs
2026-06-16T13:30:01.3108175+00:00 ContainerStatus: Nested mountpoint 
2026-06-16T13:30:01.4129240+00:00 ContainerStatus: Nested mountpoint 
2026-06-16T13:30:01.7131685+00:00 ContainerStatus: State: Starting, Action: CreatingContainer, LastError: , LastErrorTimestamp: 01/01/0001 00:00:00, LastErrorDetails: , Details: Finished pulling container image and mounting volumes for pmtrucs-internal-new. Allocatinng the rest of the container resources to finish container creation., DetailsLevel: INFO
2026-06-16T13:30:01.7135402+00:00 ContainerStatus: Creating container.
2026-06-16T13:30:01.7138637+00:00 ContainerStatus: Creating pipes for streaming container io.
2026-06-16T13:30:01.7139947+00:00 ContainerStatus: Creating stdout named pipe at /podr/container/pipe/dd31275d1943_pmtrucs-internal-new/stdout_8a9fc900cd1c417cb089af67dbf9b8bd.
2026-06-16T13:30:01.7147266+00:00 ContainerStatus: Successfully created stdout named pipe at: /podr/container/pipe/dd31275d1943_pmtrucs-internal-new/stdout_8a9fc900cd1c417cb089af67dbf9b8bd.
2026-06-16T13:30:01.7440912+00:00 ContainerStatus: Opening named pipe /podr/container/pipe/dd31275d1943_pmtrucs-internal-new/stdout_8a9fc900cd1c417cb089af67dbf9b8bd for reading in non-blocking mode.
2026-06-16T13:30:01.7446741+00:00 ContainerStatus: Successfully opened named pipe: /podr/container/pipe/dd31275d1943_pmtrucs-internal-new/stdout_8a9fc900cd1c417cb089af67dbf9b8bd.
2026-06-16T13:30:01.7449231+00:00 ContainerStatus: Successfully removed non-blocking flag from /podr/container/pipe/dd31275d1943_pmtrucs-internal-new/stdout_8a9fc900cd1c417cb089af67dbf9b8bd.
2026-06-16T13:30:01.8143949+00:00 ContainerStatus: Creating stderr named pipe at /podr/container/pipe/dd31275d1943_pmtrucs-internal-new/stderr_a8876ac5ab274733ae70e8278d5e4c26.
2026-06-16T13:30:01.8748524+00:00 ContainerStatus: Successfully created stderr named pipe at: /podr/container/pipe/dd31275d1943_pmtrucs-internal-new/stderr_a8876ac5ab274733ae70e8278d5e4c26.
2026-06-16T13:30:01.8750341+00:00 ContainerStatus: Opening named pipe /podr/container/pipe/dd31275d1943_pmtrucs-internal-new/stderr_a8876ac5ab274733ae70e8278d5e4c26 for reading in non-blocking mode.
2026-06-16T13:30:01.8764853+00:00 ContainerStatus: Successfully opened named pipe: /podr/container/pipe/dd31275d1943_pmtrucs-internal-new/stderr_a8876ac5ab274733ae70e8278d5e4c26.
2026-06-16T13:30:01.8767278+00:00 ContainerStatus: Successfully removed non-blocking flag from /podr/container/pipe/dd31275d1943_pmtrucs-internal-new/stderr_a8876ac5ab274733ae70e8278d5e4c26.
2026-06-16T13:30:01.9150153+00:00 ContainerStatus: Overriding PORT environment variable with port exposed by container image.
2026-06-16T13:30:03.5212708+00:00 ContainerStatus: Container image exposes ports: ContainerExposedPort { Port = 8000, Protocol = TCP }. Sanitized list of ports is: 8000. Resolved main port to 8000.
2026-06-16T13:30:03.5216119+00:00 ContainerStatus: Setting value of PORT variable to 8000
2026-06-16T13:30:03.5320158+00:00 ContainerStatus: Creating container with image: projectmanagementtechnrucsinternal.azurecr.io/clientpsm:latest from registry: projectmanagementtechnrucsinternal.azurecr.io and fully qualified image name: projectmanagementtechnrucsinternal.azurecr.io/clientpsm:latest
2026-06-16T13:30:07.5267483+00:00 ContainerStatus: Starting container: dd31275d1943_pmtrucs-internal-new.
2026-06-16T13:30:08.0874342+00:00 ContainerStatus: Starting watchers and probes.
2026-06-16T13:30:08.1566440+00:00 ContainerStatus: Starting metrics collection.
2026-06-16T13:30:08.1570820+00:00 ContainerStatus: Container is running.
2026-06-16T13:30:08.1574966+00:00 ContainerStatus: State: Starting, Action: CreatingContainer, LastError: , LastErrorTimestamp: 01/01/0001 00:00:00, LastErrorDetails: , Details: Container pmtrucs-internal-new successfully created and is running., DetailsLevel: INFO
2026-06-16T13:30:08.4885262+00:00 ContainerStatus: Container start method finished after 38467 ms.
2026-06-16T13:30:08.6304643+00:00 ContainerStatus: State: Starting, Action: InitiatingSiteWarmUpProbe, LastError: , LastErrorTimestamp: 01/01/0001 00:00:00, LastErrorDetails: , Details: Container pmtrucs-internal-new successfully created and is running., DetailsLevel: INFO
2026-06-16T13:30:08.6683771+00:00 ContainerStatus: State: Starting, Action: WaitingForSiteWarmUpProbeSuccess, LastError: , LastErrorTimestamp: 01/01/0001 00:00:00, LastErrorDetails: , Details: Pinging warmup path to ensure container is ready to receive requests., DetailsLevel: INFO
2026-06-16T13:30:20.1017944+00:00 ContainerStream: [2026-06-16 13:30:20 +0000] [1] [INFO] Starting gunicorn 26.0.0
2026-06-16T13:30:20.2163032+00:00 ContainerStream: [2026-06-16 13:30:20 +0000] [1] [INFO] Listening at: http://0.0.0.0:8000 (1)
2026-06-16T13:30:20.2163392+00:00 ContainerStream: [2026-06-16 13:30:20 +0000] [1] [INFO] Using worker: uvicorn.workers.UvicornWorker
2026-06-16T13:30:20.2163429+00:00 ContainerStream: [2026-06-16 13:30:20 +0000] [7] [INFO] Booting worker with pid: 7
2026-06-16T13:30:20.3311634+00:00 ContainerStream: [2026-06-16 13:30:20 +0000] [8] [INFO] Booting worker with pid: 8
2026-06-16T13:30:20.3879707+00:00 ContainerStream: [2026-06-16 13:30:20 +0000] [9] [INFO] Booting worker with pid: 9
2026-06-16T13:30:20.5348446+00:00 ContainerStream: [2026-06-16 13:30:20 +0000] [10] [INFO] Booting worker with pid: 10
2026-06-16T13:30:20.8943523+00:00 ContainerStream: [2026-06-16 13:30:20 +0000] [1] [ERROR] Control server error: [Errno 13] Permission denied
2026-06-16T13:30:40.3192435+00:00 ContainerStatus: Site startup probe failed after 31.3163415 seconds.
2026-06-16T13:30:43.9151419+00:00 ContainerStatus: State: Starting, Action: WaitingForSiteWarmUpProbeSuccess, LastError: ContainerTimeout, LastErrorTimestamp: 06/16/2026 13:30:43, LastErrorDetails: Container did not start within expected time limit of 230s. Please inspect your container logs for more details., Details: Pinging warmup path to ensure container is ready to receive requests., DetailsLevel: ERR
2026-06-16T13:30:44.0154022+00:00 ContainerStatus: Failed to start site. Revert by stopping site.
2026-06-16T13:30:44.0337493+00:00 ContainerStatus: State: Stopping, Action: StoppingSite, LastError: ContainerTimeout, LastErrorTimestamp: 06/16/2026 13:30:43, LastErrorDetails: Container did not start within expected time limit of 230s. Please inspect your container logs for more details., Details: Pinging warmup path to ensure container is ready to receive requests., DetailsLevel: ERR
2026-06-16T13:30:44.1641026+00:00 ContainerStatus: State: Stopping, Action: StoppingSiteContainers, LastError: ContainerTimeout, LastErrorTimestamp: 06/16/2026 13:30:43, LastErrorDetails: Container did not start within expected time limit of 230s. Please inspect your container logs for more details., Details: Pinging warmup path to ensure container is ready to receive requests., DetailsLevel: ERR
2026-06-16T13:30:44.1753992+00:00 ContainerStatus: Container is terminating. Grace period: 5 seconds.
2026-06-16T13:30:44.2257672+00:00 ContainerStatus: Stop and delete container. Retry count = 0
2026-06-16T13:30:44.2259411+00:00 ContainerStatus: Stopping container: dd31275d1943_pmtrucs-internal-new.
2026-06-16T13:30:45.6041043+00:00 ContainerStream: [2026-06-16 13:30:45 +0000] [1] [INFO] Handling signal: term
2026-06-16T13:30:46.1038359+00:00 ContainerStream: [2026-06-16 13:30:45 +0000] [1] [INFO] Worker (pid:7) was sent SIGTERM!
2026-06-16T13:30:46.1039705+00:00 ContainerStream: [2026-06-16 13:30:45 +0000] [1] [INFO] Worker (pid:8) was sent SIGTERM!
2026-06-16T13:30:46.1039764+00:00 ContainerStream: [2026-06-16 13:30:45 +0000] [1] [INFO] Worker (pid:9) was sent SIGTERM!
2026-06-16T13:30:46.1039783+00:00 ContainerStream: [2026-06-16 13:30:45 +0000] [1] [INFO] Worker (pid:10) was sent SIGTERM!
2026-06-16T13:30:46.1039801+00:00 ContainerStream: [2026-06-16 13:30:46 +0000] [1] [INFO] Shutting down: Master
2026-06-16T13:30:47.5498486+00:00 ContainerStatus: Deleting container: dd31275d1943_pmtrucs-internal-new. Retry count = 0
2026-06-16T13:30:49.8808885+00:00 ContainerStatus: Container spec TerminationMessagePolicy  path 
2026-06-16T13:30:49.8901012+00:00 ContainerStatus: Container is terminated. Total time elapsed: 5705 ms.
2026-06-16T13:30:49.8986968+00:00 ContainerStatus: Site container: pmtrucs-internal-new terminated during site startup.
2026-06-16T13:30:49.9113308+00:00 ContainerStatus: State: Stopping, Action: CancellingStartup, LastError: ContainerTimeout, LastErrorTimestamp: 06/16/2026 13:30:43, LastErrorDetails: Container did not start within expected time limit of 230s. Please inspect your container logs for more details., Details: Site container: pmtrucs-internal-new terminated during site startup. Cancelling site startup., DetailsLevel: ERR
2026-06-16T13:30:50.0409229+00:00 ContainerStatus: Site: pmtrucs-internal-new stopped.
========== New Cold Start Attempt (2026-06-16T13:42:15.4513042+00:00) ==========
2026-06-16T13:42:15.4513042+00:00 ContainerStatus: State: Stopping, Action: StoppingSite, LastError: ContainerTimeout, LastErrorTimestamp: 06/16/2026 13:30:43, LastErrorDetails: Container did not start within expected time limit of 230s. Please inspect your container logs for more details., Details: Site started at 06/16/2026 13:32:53 (UTC), DetailsLevel: INFO
2026-06-16T13:42:15.4713780+00:00 ContainerStatus: State: Stopping, Action: StoppingSiteContainers, LastError: ContainerTimeout, LastErrorTimestamp: 06/16/2026 13:30:43, LastErrorDetails: Container did not start within expected time limit of 230s. Please inspect your container logs for more details., Details: Site started at 06/16/2026 13:32:53 (UTC), DetailsLevel: INFO
2026-06-16T13:42:15.4725156+00:00 ContainerStatus: Container is terminating. Grace period: 5 seconds.
2026-06-16T13:42:15.8814514+00:00 ContainerStatus: Stop and delete container. Retry count = 0
2026-06-16T13:42:15.8825057+00:00 ContainerStatus: Stopping container: d2edb589f6b2_pmtrucs-internal-new.
2026-06-16T13:42:18.3412532+00:00 ContainerStream: [Previous Container] [2026-06-16 13:42:18 +0000] [10] [INFO] Shutting down
2026-06-16T13:42:18.3506177+00:00 ContainerStream: [Previous Container] [2026-06-16 13:42:18 +0000] [7] [INFO] Shutting down
2026-06-16T13:42:18.3535377+00:00 ContainerStream: [Previous Container] [2026-06-16 13:42:18 +0000] [10] [INFO] Error while closing socket [Errno 9] Bad file descriptor
2026-06-16T13:42:18.5637449+00:00 ContainerStream: [Previous Container] [2026-06-16 13:42:18 +0000] [10] [INFO] Waiting for application shutdown.
2026-06-16T13:42:18.6649202+00:00 ContainerStream: [Previous Container] [2026-06-16 13:42:18 +0000] [10] [INFO] Application shutdown complete.
2026-06-16T13:42:18.8630383+00:00 ContainerStream: [Previous Container] [2026-06-16 13:42:18 +0000] [10] [INFO] Finished server process [10]
2026-06-16T13:42:19.0842374+00:00 ContainerStream: [Previous Container] [2026-06-16 13:42:18 +0000] [7] [INFO] Error while closing socket [Errno 9] Bad file descriptor
2026-06-16T13:42:19.1854411+00:00 ContainerStream: [Previous Container] [2026-06-16 13:42:19 +0000] [1] [INFO] Worker (pid:10) was sent SIGTERM!
2026-06-16T13:42:19.1855393+00:00 ContainerStream: [Previous Container] [2026-06-16 13:42:18 +0000] [8] [INFO] Shutting down
2026-06-16T13:42:19.2169287+00:00 ContainerStream: [Previous Container] [2026-06-16 13:42:19 +0000] [7] [INFO] Waiting for application shutdown.
2026-06-16T13:42:19.4578868+00:00 ContainerStream: [Previous Container] [2026-06-16 13:42:19 +0000] [7] [INFO] Application shutdown complete.
2026-06-16T13:42:19.5583782+00:00 ContainerStream: [Previous Container] [2026-06-16 13:42:18 +0000] [9] [INFO] Shutting down
2026-06-16T13:42:19.5758861+00:00 ContainerStream: [Previous Container] [2026-06-16 13:42:19 +0000] [7] [INFO] Finished server process [7]
2026-06-16T13:42:19.7986858+00:00 ContainerStream: [Previous Container] [2026-06-16 13:42:19 +0000] [1] [INFO] Worker (pid:7) was sent SIGTERM!
2026-06-16T13:42:20.1712040+00:00 ContainerStream: [Previous Container] [2026-06-16 13:42:19 +0000] [8] [INFO] Error while closing socket [Errno 9] Bad file descriptor
2026-06-16T13:42:20.3421450+00:00 ContainerStream: [Previous Container] [2026-06-16 13:42:20 +0000] [8] [INFO] Waiting for application shutdown.
2026-06-16T13:42:20.4020372+00:00 ContainerStream: [Previous Container] [2026-06-16 13:42:20 +0000] [8] [INFO] Application shutdown complete.
2026-06-16T13:42:20.4225678+00:00 ContainerStream: [Previous Container] [2026-06-16 13:42:19 +0000] [9] [INFO] Error while closing socket [Errno 9] Bad file descriptor
2026-06-16T13:42:20.4418386+00:00 ContainerStream: [Previous Container] [2026-06-16 13:42:20 +0000] [8] [INFO] Finished server process [8]
2026-06-16T13:42:20.6335314+00:00 ContainerStream: [Previous Container] [2026-06-16 13:42:20 +0000] [9] [INFO] Waiting for application shutdown.
2026-06-16T13:42:20.6534912+00:00 ContainerStream: [Previous Container] [2026-06-16 13:42:20 +0000] [9] [INFO] Application shutdown complete.
2026-06-16T13:42:20.6619484+00:00 ContainerStream: [Previous Container] [2026-06-16 13:42:20 +0000] [9] [INFO] Finished server process [9]
2026-06-16T13:42:20.7225848+00:00 ContainerStream: [Previous Container] [2026-06-16 13:42:20 +0000] [1] [INFO] Worker (pid:8) was sent SIGTERM!
2026-06-16T13:42:20.8236670+00:00 ContainerStream: [Previous Container] [2026-06-16 13:42:20 +0000] [1] [INFO] Worker (pid:9) was sent SIGTERM!
2026-06-16T13:42:20.9549709+00:00 ContainerStream: [Previous Container] [2026-06-16 13:42:20 +0000] [1] [INFO] Shutting down: Master
2026-06-16T13:42:22.0579904+00:00 ContainerStatus: Deleting container: d2edb589f6b2_pmtrucs-internal-new. Retry count = 0
2026-06-16T13:42:22.9181225+00:00 ContainerStatus: Container spec TerminationMessagePolicy  path 
2026-06-16T13:42:22.9192405+00:00 ContainerStatus: Container is terminated. Total time elapsed: 7445 ms.
2026-06-16T13:42:22.9480176+00:00 ContainerStatus: Site: pmtrucs-internal-new stopped.
2026-06-16T13:45:41.9222315+00:00 ContainerStream: [2026-06-16 13:45:41 +0000] [7] [ERROR] Exception in ASGI application
2026-06-16T13:45:41.9222969+00:00 ContainerStream: Traceback (most recent call last):
2026-06-16T13:45:41.9223001+00:00 ContainerStream:   File "/usr/local/lib/python3.14/site-packages/uvicorn/protocols/http/httptools_impl.py", line 421, in run_asgi
2026-06-16T13:45:41.9223020+00:00 ContainerStream:     result = await app(  # type: ignore[func-returns-value]
2026-06-16T13:45:41.9223039+00:00 ContainerStream:              ^^^^^^^^^^^^^^^^^^^^^^^^^^^^^^^^^^^^^^^^^^^^^^
2026-06-16T13:45:41.9223080+00:00 ContainerStream:         self.scope, self.receive, self.send
2026-06-16T13:45:41.9223098+00:00 ContainerStream:         ^^^^^^^^^^^^^^^^^^^^^^^^^^^^^^^^^^^
2026-06-16T13:45:41.9223113+00:00 ContainerStream:     )
2026-06-16T13:45:41.9223129+00:00 ContainerStream:     ^
2026-06-16T13:45:41.9223153+00:00 ContainerStream:   File "/usr/local/lib/python3.14/site-packages/uvicorn/middleware/proxy_headers.py", line 62, in __call__
2026-06-16T13:45:41.9223199+00:00 ContainerStream:     return await self.app(scope, receive, send)
2026-06-16T13:45:41.9223216+00:00 ContainerStream:            ^^^^^^^^^^^^^^^^^^^^^^^^^^^^^^^^^^^^
2026-06-16T13:45:41.9223236+00:00 ContainerStream:   File "/usr/local/lib/python3.14/site-packages/fastapi/applications.py", line 1162, in __call__
2026-06-16T13:45:41.9223253+00:00 ContainerStream:     await super().__call__(scope, receive, send)
2026-06-16T13:45:41.9223271+00:00 ContainerStream:   File "/usr/local/lib/python3.14/site-packages/starlette/applications.py", line 90, in __call__
2026-06-16T13:45:41.9223288+00:00 ContainerStream:     await self.middleware_stack(scope, receive, send)
2026-06-16T13:45:41.9223307+00:00 ContainerStream:   File "/usr/local/lib/python3.14/site-packages/starlette/middleware/errors.py", line 186, in __call__
2026-06-16T13:45:41.9223327+00:00 ContainerStream:     raise exc
2026-06-16T13:45:41.9223345+00:00 ContainerStream:   File "/usr/local/lib/python3.14/site-packages/starlette/middleware/errors.py", line 164, in __call__
2026-06-16T13:45:41.9223384+00:00 ContainerStream:     await self.app(scope, receive, _send)
2026-06-16T13:45:41.9223403+00:00 ContainerStream:   File "/usr/local/lib/python3.14/site-packages/starlette/middleware/cors.py", line 88, in __call__
2026-06-16T13:45:41.9223420+00:00 ContainerStream:     await self.app(scope, receive, send)
2026-06-16T13:45:41.9223440+00:00 ContainerStream:   File "/usr/local/lib/python3.14/site-packages/starlette/middleware/exceptions.py", line 63, in __call__
2026-06-16T13:45:41.9223458+00:00 ContainerStream:     await wrap_app_handling_exceptions(self.app, conn)(scope, receive, send)
2026-06-16T13:45:41.9223476+00:00 ContainerStream:   File "/usr/local/lib/python3.14/site-packages/starlette/_exception_handler.py", line 53, in wrapped_app
2026-06-16T13:45:41.9223492+00:00 ContainerStream:     raise exc
2026-06-16T13:45:41.9223510+00:00 ContainerStream:   File "/usr/local/lib/python3.14/site-packages/starlette/_exception_handler.py", line 42, in wrapped_app
2026-06-16T13:45:41.9223527+00:00 ContainerStream:     await app(scope, receive, sender)
2026-06-16T13:45:41.9223547+00:00 ContainerStream:   File "/usr/local/lib/python3.14/site-packages/fastapi/middleware/asyncexitstack.py", line 18, in __call__
2026-06-16T13:45:41.9223579+00:00 ContainerStream:     await self.app(scope, receive, send)
2026-06-16T13:45:41.9223598+00:00 ContainerStream:   File "/usr/local/lib/python3.14/site-packages/starlette/routing.py", line 660, in __call__
2026-06-16T13:45:41.9223615+00:00 ContainerStream:     await self.middleware_stack(scope, receive, send)
2026-06-16T13:45:41.9223634+00:00 ContainerStream:   File "/usr/local/lib/python3.14/site-packages/starlette/routing.py", line 680, in app
2026-06-16T13:45:41.9223654+00:00 ContainerStream:     await route.handle(scope, receive, send)
2026-06-16T13:45:41.9223672+00:00 ContainerStream:   File "/usr/local/lib/python3.14/site-packages/fastapi/routing.py", line 1609, in handle
2026-06-16T13:45:41.9223689+00:00 ContainerStream:     await self.original_router.handle(scope, receive, send)
2026-06-16T13:45:41.9223708+00:00 ContainerStream:   File "/usr/local/lib/python3.14/site-packages/fastapi/routing.py", line 2047, in handle
2026-06-16T13:45:41.9223752+00:00 ContainerStream:     await included_router._handle_selected(scope, receive, send)
2026-06-16T13:45:41.9223771+00:00 ContainerStream:   File "/usr/local/lib/python3.14/site-packages/fastapi/routing.py", line 1629, in _handle_selected
2026-06-16T13:45:41.9223788+00:00 ContainerStream:     await original_route.handle(scope, receive, send)
2026-06-16T13:45:41.9223806+00:00 ContainerStream:   File "/usr/local/lib/python3.14/site-packages/fastapi/routing.py", line 1218, in handle
2026-06-16T13:45:41.9223823+00:00 ContainerStream:     await app(scope, receive, send)
2026-06-16T13:45:41.9223841+00:00 ContainerStream:   File "/usr/local/lib/python3.14/site-packages/fastapi/routing.py", line 143, in app
2026-06-16T13:45:41.9223859+00:00 ContainerStream:     await wrap_app_handling_exceptions(app, request)(scope, receive, send)
2026-06-16T13:45:41.9223878+00:00 ContainerStream:   File "/usr/local/lib/python3.14/site-packages/starlette/_exception_handler.py", line 53, in wrapped_app
2026-06-16T13:45:41.9223894+00:00 ContainerStream:     raise exc
2026-06-16T13:45:41.9223912+00:00 ContainerStream:   File "/usr/local/lib/python3.14/site-packages/starlette/_exception_handler.py", line 42, in wrapped_app
2026-06-16T13:45:41.9223949+00:00 ContainerStream:     await app(scope, receive, sender)
2026-06-16T13:45:41.9223967+00:00 ContainerStream:   File "/usr/local/lib/python3.14/site-packages/fastapi/routing.py", line 129, in app
2026-06-16T13:45:41.9223983+00:00 ContainerStream:     response = await f(request)
2026-06-16T13:45:41.9223999+00:00 ContainerStream:                ^^^^^^^^^^^^^^^^
2026-06-16T13:45:41.9224017+00:00 ContainerStream:   File "/usr/local/lib/python3.14/site-packages/fastapi/routing.py", line 683, in app
2026-06-16T13:45:41.9224034+00:00 ContainerStream:     raw_response = await run_endpoint_function(
2026-06-16T13:45:41.9224051+00:00 ContainerStream:                    ^^^^^^^^^^^^^^^^^^^^^^^^^^^^
2026-06-16T13:45:41.9224066+00:00 ContainerStream:     ...<3 lines>...
2026-06-16T13:45:41.9224081+00:00 ContainerStream:     )
2026-06-16T13:45:41.9224096+00:00 ContainerStream:     ^
2026-06-16T13:45:41.9224115+00:00 ContainerStream:   File "/usr/local/lib/python3.14/site-packages/fastapi/routing.py", line 337, in run_endpoint_function
2026-06-16T13:45:41.9224132+00:00 ContainerStream:     return await dependant.call(**values)
2026-06-16T13:45:41.9224165+00:00 ContainerStream:            ^^^^^^^^^^^^^^^^^^^^^^^^^^^^^^
2026-06-16T13:45:41.9224183+00:00 ContainerStream:   File "/app/app/routers/auth.py", line 26, in login
2026-06-16T13:45:41.9224201+00:00 ContainerStream:     if not user or not verify_password(form_data.password, user.hashed_password):
2026-06-16T13:45:41.9224218+00:00 ContainerStream:                        ~~~~~~~~~~~~~~~^^^^^^^^^^^^^^^^^^^^^^^^^^^^^^^^^^^^^^^^^^
2026-06-16T13:45:41.9224235+00:00 ContainerStream:   File "/app/app/core/security.py", line 53, in verify_password
2026-06-16T13:45:41.9224550+00:00 ContainerStream:     return pwd_context.verify(plain_password, hashed_password)
2026-06-16T13:45:41.9224596+00:00 ContainerStream:            ~~~~~~~~~~~~~~~~~~^^^^^^^^^^^^^^^^^^^^^^^^^^^^^^^^^
2026-06-16T13:45:41.9224615+00:00 ContainerStream:   File "/usr/local/lib/python3.14/site-packages/passlib/context.py", line 2347, in verify
2026-06-16T13:45:41.9224632+00:00 ContainerStream:     return record.verify(secret, hash, **kwds)
2026-06-16T13:45:41.9224648+00:00 ContainerStream:            ~~~~~~~~~~~~~^^^^^^^^^^^^^^^^^^^^^^
2026-06-16T13:45:41.9224667+00:00 ContainerStream:   File "/usr/local/lib/python3.14/site-packages/passlib/utils/handlers.py", line 792, in verify
2026-06-16T13:45:41.9224683+00:00 ContainerStream:     return consteq(self._calc_checksum(secret), chk)
2026-06-16T13:45:41.9224699+00:00 ContainerStream:                    ~~~~~~~~~~~~~~~~~~~^^^^^^^^
2026-06-16T13:45:41.9224718+00:00 ContainerStream:   File "/usr/local/lib/python3.14/site-packages/passlib/handlers/bcrypt.py", line 591, in _calc_checksum
2026-06-16T13:45:41.9224734+00:00 ContainerStream:     self._stub_requires_backend()
2026-06-16T13:45:41.9224771+00:00 ContainerStream:     ~~~~~~~~~~~~~~~~~~~~~~~~~~~^^
2026-06-16T13:45:41.9224790+00:00 ContainerStream:   File "/usr/local/lib/python3.14/site-packages/passlib/utils/handlers.py", line 2254, in _stub_requires_backend
2026-06-16T13:45:41.9224806+00:00 ContainerStream:     cls.set_backend()
2026-06-16T13:45:41.9224821+00:00 ContainerStream:     ~~~~~~~~~~~~~~~^^
2026-06-16T13:45:41.9224839+00:00 ContainerStream:   File "/usr/local/lib/python3.14/site-packages/passlib/utils/handlers.py", line 2156, in set_backend
2026-06-16T13:45:41.9224856+00:00 ContainerStream:     return owner.set_backend(name, dryrun=dryrun)
2026-06-16T13:45:41.9224872+00:00 ContainerStream:            ~~~~~~~~~~~~~~~~~^^^^^^^^^^^^^^^^^^^^^
2026-06-16T13:45:41.9224890+00:00 ContainerStream:   File "/usr/local/lib/python3.14/site-packages/passlib/utils/handlers.py", line 2163, in set_backend
2026-06-16T13:45:41.9224907+00:00 ContainerStream:     return cls.set_backend(name, dryrun=dryrun)
2026-06-16T13:45:41.9224923+00:00 ContainerStream:            ~~~~~~~~~~~~~~~^^^^^^^^^^^^^^^^^^^^^
2026-06-16T13:45:41.9224941+00:00 ContainerStream:   File "/usr/local/lib/python3.14/site-packages/passlib/utils/handlers.py", line 2188, in set_backend
2026-06-16T13:45:41.9224990+00:00 ContainerStream:     cls._set_backend(name, dryrun)
2026-06-16T13:45:41.9225005+00:00 ContainerStream:     ~~~~~~~~~~~~~~~~^^^^^^^^^^^^^^
2026-06-16T13:45:41.9225023+00:00 ContainerStream:   File "/usr/local/lib/python3.14/site-packages/passlib/utils/handlers.py", line 2311, in _set_backend
2026-06-16T13:45:41.9225040+00:00 ContainerStream:     super(SubclassBackendMixin, cls)._set_backend(name, dryrun)
2026-06-16T13:45:41.9225058+00:00 ContainerStream:     ~~~~~~~~~~~~~~~~~~~~~~~~~~~~~~~~~~~~~~~~~~~~~^^^^^^^^^^^^^^
2026-06-16T13:45:41.9225076+00:00 ContainerStream:   File "/usr/local/lib/python3.14/site-packages/passlib/utils/handlers.py", line 2224, in _set_backend
2026-06-16T13:45:41.9225093+00:00 ContainerStream:     ok = loader(**kwds)
2026-06-16T13:45:41.9225112+00:00 ContainerStream:   File "/usr/local/lib/python3.14/site-packages/passlib/handlers/bcrypt.py", line 626, in _load_backend_mixin
2026-06-16T13:45:41.9225129+00:00 ContainerStream:     return mixin_cls._finalize_backend_mixin(name, dryrun)
2026-06-16T13:45:41.9225145+00:00 ContainerStream:            ~~~~~~~~~~~~~~~~~~~~~~~~~~~~~~~~~^^^^^^^^^^^^^^
2026-06-16T13:45:41.9225183+00:00 ContainerStream:   File "/usr/local/lib/python3.14/site-packages/passlib/handlers/bcrypt.py", line 421, in _finalize_backend_mixin
2026-06-16T13:45:41.9225199+00:00 ContainerStream:     if detect_wrap_bug(IDENT_2A):
2026-06-16T13:45:41.9225216+00:00 ContainerStream:        ~~~~~~~~~~~~~~~^^^^^^^^^^
2026-06-16T13:45:41.9225234+00:00 ContainerStream:   File "/usr/local/lib/python3.14/site-packages/passlib/handlers/bcrypt.py", line 380, in detect_wrap_bug
2026-06-16T13:45:41.9225250+00:00 ContainerStream:     if verify(secret, bug_hash):
2026-06-16T13:45:41.9225266+00:00 ContainerStream:        ~~~~~~^^^^^^^^^^^^^^^^^^
2026-06-16T13:45:41.9225284+00:00 ContainerStream:   File "/usr/local/lib/python3.14/site-packages/passlib/utils/handlers.py", line 792, in verify
2026-06-16T13:45:41.9225301+00:00 ContainerStream:     return consteq(self._calc_checksum(secret), chk)
2026-06-16T13:45:41.9225317+00:00 ContainerStream:                    ~~~~~~~~~~~~~~~~~~~^^^^^^^^
2026-06-16T13:45:41.9225336+00:00 ContainerStream:   File "/usr/local/lib/python3.14/site-packages/passlib/handlers/bcrypt.py", line 655, in _calc_checksum
2026-06-16T13:45:41.9225352+00:00 ContainerStream:     hash = _bcrypt.hashpw(secret, config)
2026-06-16T13:45:41.9225393+00:00 ContainerStream: ValueError: password cannot be longer than 72 bytes, truncate manually if necessary (e.g. my_password[:72])
2026-06-16T13:47:56.9281697+00:00 ContainerStatus: State: Starting, Action: EstablishingSiteNetworks, LastError: , LastErrorTimestamp: 01/01/0001 00:00:00, LastErrorDetails: , Details: , DetailsLevel: INFO
2026-06-16T13:48:00.8127511+00:00 ContainerStatus: State: Starting, Action: StartingSiteContainers, LastError: , LastErrorTimestamp: 01/01/0001 00:00:00, LastErrorDetails: , Details: , DetailsLevel: INFO
2026-06-16T13:48:00.8206571+00:00 ContainerStatus: Container start method called.
2026-06-16T13:48:00.8214800+00:00 ContainerStatus: State: Starting, Action: PullingImage, LastError: , LastErrorTimestamp: 01/01/0001 00:00:00, LastErrorDetails: , Details: Pulling image projectmanagementtechnrucsinternal.azurecr.io/clientpsm:latest for pmtrucs-internal-new., DetailsLevel: INFO
2026-06-16T13:48:00.8218835+00:00 ContainerStatus: Establishing network.
2026-06-16T13:48:00.8223675+00:00 ContainerStatus: Pulling image: projectmanagementtechnrucsinternal.azurecr.io/clientpsm:latest.
2026-06-16T13:48:21.5217027+00:00 ContainerStatus: Container pull image interrupted. Revert by terminate.
2026-06-16T13:48:21.5397527+00:00 ContainerStatus: Container is terminating. Grace period: 5 seconds.
2026-06-16T13:48:21.5404898+00:00 ContainerStatus: Container spec TerminationMessagePolicy  path 
2026-06-16T13:48:21.5417504+00:00 ContainerStatus: Container is terminated. Total time elapsed: 1 ms.
2026-06-16T13:48:21.5418450+00:00 ContainerStatus: Site container: pmtrucs-internal-new terminated during site startup.
2026-06-16T13:48:21.5596069+00:00 ContainerStatus: State: Stopping, Action: CancellingStartup, LastError: , LastErrorTimestamp: 01/01/0001 00:00:00, LastErrorDetails: , Details: Site container: pmtrucs-internal-new terminated during site startup. Cancelling site startup., DetailsLevel: ERR
2026-06-16T13:48:21.5705173+00:00 ContainerStatus: State: Stopping, Action: CancellingStartup, LastError: SiteStartupCancelled, LastErrorTimestamp: 06/16/2026 13:48:21, LastErrorDetails: , Details: Site container: pmtrucs-internal-new terminated during site startup. Cancelling site startup., DetailsLevel: WARN
2026-06-16T13:48:21.8514227+00:00 ContainerStatus: State: Stopping, Action: StoppingSite, LastError: SiteStartupCancelled, LastErrorTimestamp: 06/16/2026 13:48:21, LastErrorDetails: , Details: Site container: pmtrucs-internal-new terminated during site startup. Cancelling site startup., DetailsLevel: WARN
2026-06-16T13:48:21.8524347+00:00 ContainerStatus: State: Stopping, Action: StoppingSiteContainers, LastError: SiteStartupCancelled, LastErrorTimestamp: 06/16/2026 13:48:21, LastErrorDetails: , Details: Site container: pmtrucs-internal-new terminated during site startup. Cancelling site startup., DetailsLevel: WARN
2026-06-16T13:48:21.8524571+00:00 ContainerStatus: Site: pmtrucs-internal-new stopped.
